# JRE version: Java(TM) SE Runtime Environment (8.0_65-b17) (build 1.8.0_65-b17)
# Java VM: Java HotSpot(TM) 64-Bit Server VM (25.65-b01 mixed mode windows-amd64 compressed oops)
Heap:
 PSYoungGen      total 194048K, used 70288K [0x00000000eab00000, 0x00000000f8400000, 0x0000000100000000)
  eden space 177664K, 39% used [0x00000000eab00000,0x00000000eefa4340,0x00000000f5880000)
  from space 16384K, 0% used [0x00000000f6980000,0x00000000f6980000,0x00000000f7980000)
  to   space 17408K, 0% used [0x00000000f5880000,0x00000000f5880000,0x00000000f6980000)
 ParOldGen       total 107008K, used 17763K [0x00000000c0000000, 0x00000000c6880000, 0x00000000eab00000)
  object space 107008K, 16% used [0x00000000c0000000,0x00000000c1158d40,0x00000000c6880000)
 Metaspace       used 41018K, capacity 41924K, committed 42112K, reserved 1085440K
  class space    used 5473K, capacity 5682K, committed 5760K, reserved 1048576K
GC Heap History (10 events):
Event: 4.181 GC heap before
{Heap before GC invocations=6 (full 1):
 PSYoungGen      total 94208K, used 94051K [0x00000000eab00000, 0x00000000f3380000, 0x0000000100000000)
  eden space 92672K, 100% used [0x00000000eab00000,0x00000000f0580000,0x00000000f0580000)
  from space 1536K, 89% used [0x00000000f3200000,0x00000000f3358cd0,0x00000000f3380000)
  to   space 5120K, 0% used [0x00000000f2980000,0x00000000f2980000,0x00000000f2e80000)
 ParOldGen       total 71680K, used 10741K [0x00000000c0000000, 0x00000000c4600000, 0x00000000eab00000)
  object space 71680K, 14% used [0x00000000c0000000,0x00000000c0a7d420,0x00000000c4600000)
 Metaspace       used 21039K, capacity 21396K, committed 21632K, reserved 1069056K
  class space    used 2759K, capacity 2884K, committed 2944K, reserved 1048576K
Event: 4.191 GC heap after
Heap after GC invocations=6 (full 1):
 PSYoungGen      total 134656K, used 2080K [0x00000000eab00000, 0x00000000f4500000, 0x0000000100000000)
  eden space 129536K, 0% used [0x00000000eab00000,0x00000000eab00000,0x00000000f2980000)
  from space 5120K, 40% used [0x00000000f2980000,0x00000000f2b88020,0x00000000f2e80000)
  to   space 13312K, 0% used [0x00000000f3800000,0x00000000f3800000,0x00000000f4500000)
 ParOldGen       total 71680K, used 10741K [0x00000000c0000000, 0x00000000c4600000, 0x00000000eab00000)
  object space 71680K, 14% used [0x00000000c0000000,0x00000000c0a7d420,0x00000000c4600000)
 Metaspace       used 21039K, capacity 21396K, committed 21632K, reserved 1069056K
  class space    used 2759K, capacity 2884K, committed 2944K, reserved 1048576K
}
Event: 5.917 GC heap before
{Heap before GC invocations=7 (full 1):
 PSYoungGen      total 134656K, used 131616K [0x00000000eab00000, 0x00000000f4500000, 0x0000000100000000)
  eden space 129536K, 100% used [0x00000000eab00000,0x00000000f2980000,0x00000000f2980000)
  from space 5120K, 40% used [0x00000000f2980000,0x00000000f2b88020,0x00000000f2e80000)
  to   space 13312K, 0% used [0x00000000f3800000,0x00000000f3800000,0x00000000f4500000)
 ParOldGen       total 71680K, used 10741K [0x00000000c0000000, 0x00000000c4600000, 0x00000000eab00000)
  object space 71680K, 14% used [0x00000000c0000000,0x00000000c0a7d420,0x00000000c4600000)
 Metaspace       used 26035K, capacity 26606K, committed 26752K, reserved 1073152K
  class space    used 3493K, capacity 3649K, committed 3712K, reserved 1048576K
Event: 5.936 GC heap after
Heap after GC invocations=7 (full 1):
 PSYoungGen      total 143360K, used 9684K [0x00000000eab00000, 0x00000000f7680000, 0x0000000100000000)
  eden space 130048K, 0% used [0x00000000eab00000,0x00000000eab00000,0x00000000f2a00000)
  from space 13312K, 72% used [0x00000000f3800000,0x00000000f4175150,0x00000000f4500000)
  to   space 14336K, 0% used [0x00000000f2a00000,0x00000000f2a00000,0x00000000f3800000)
 ParOldGen       total 71680K, used 10749K [0x00000000c0000000, 0x00000000c4600000, 0x00000000eab00000)
  object space 71680K, 14% used [0x00000000c0000000,0x00000000c0a7f420,0x00000000c4600000)
 Metaspace       used 26035K, capacity 26606K, committed 26752K, reserved 1073152K
  class space    used 3493K, capacity 3649K, committed 3712K, reserved 1048576K
}
Event: 8.333 GC heap before
{Heap before GC invocations=8 (full 1):
 PSYoungGen      total 143360K, used 139732K [0x00000000eab00000, 0x00000000f7680000, 0x0000000100000000)
  eden space 130048K, 100% used [0x00000000eab00000,0x00000000f2a00000,0x00000000f2a00000)
  from space 13312K, 72% used [0x00000000f3800000,0x00000000f4175150,0x00000000f4500000)
  to   space 14336K, 0% used [0x00000000f2a00000,0x00000000f2a00000,0x00000000f3800000)
 ParOldGen       total 71680K, used 10749K [0x00000000c0000000, 0x00000000c4600000, 0x00000000eab00000)
  object space 71680K, 14% used [0x00000000c0000000,0x00000000c0a7f420,0x00000000c4600000)
 Metaspace       used 31736K, capacity 32388K, committed 32640K, reserved 1077248K
  class space    used 4194K, capacity 4359K, committed 4480K, reserved 1048576K
Event: 8.365 GC heap after
Heap after GC invocations=8 (full 1):
 PSYoungGen      total 144384K, used 12274K [0x00000000eab00000, 0x00000000f7980000, 0x0000000100000000)
  eden space 130048K, 0% used [0x00000000eab00000,0x00000000eab00000,0x00000000f2a00000)
  from space 14336K, 85% used [0x00000000f2a00000,0x00000000f35fc988,0x00000000f3800000)
  to   space 16384K, 0% used [0x00000000f6980000,0x00000000f6980000,0x00000000f7980000)
 ParOldGen       total 71680K, used 10821K [0x00000000c0000000, 0x00000000c4600000, 0x00000000eab00000)
  object space 71680K, 15% used [0x00000000c0000000,0x00000000c0a91430,0x00000000c4600000)
 Metaspace       used 31736K, capacity 32388K, committed 32640K, reserved 1077248K
  class space    used 4194K, capacity 4359K, committed 4480K, reserved 1048576K
}
Event: 9.194 GC heap before
{Heap before GC invocations=9 (full 1):
 PSYoungGen      total 144384K, used 71033K [0x00000000eab00000, 0x00000000f7980000, 0x0000000100000000)
  eden space 130048K, 45% used [0x00000000eab00000,0x00000000ee461e50,0x00000000f2a00000)
  from space 14336K, 85% used [0x00000000f2a00000,0x00000000f35fc988,0x00000000f3800000)
  to   space 16384K, 0% used [0x00000000f6980000,0x00000000f6980000,0x00000000f7980000)
 ParOldGen       total 71680K, used 10821K [0x00000000c0000000, 0x00000000c4600000, 0x00000000eab00000)
  object space 71680K, 15% used [0x00000000c0000000,0x00000000c0a91430,0x00000000c4600000)
 Metaspace       used 34715K, capacity 35424K, committed 35496K, reserved 1079296K
  class space    used 4613K, capacity 4815K, committed 4864K, reserved 1048576K
Event: 9.222 GC heap after
Heap after GC invocations=9 (full 1):
 PSYoungGen      total 194048K, used 11707K [0x00000000eab00000, 0x00000000f8400000, 0x0000000100000000)
  eden space 177664K, 0% used [0x00000000eab00000,0x00000000eab00000,0x00000000f5880000)
  from space 16384K, 71% used [0x00000000f6980000,0x00000000f74eee58,0x00000000f7980000)
  to   space 17408K, 0% used [0x00000000f5880000,0x00000000f5880000,0x00000000f6980000)
 ParOldGen       total 71680K, used 10829K [0x00000000c0000000, 0x00000000c4600000, 0x00000000eab00000)
  object space 71680K, 15% used [0x00000000c0000000,0x00000000c0a93430,0x00000000c4600000)
 Metaspace       used 34715K, capacity 35424K, committed 35496K, reserved 1079296K
  class space    used 4613K, capacity 4815K, committed 4864K, reserved 1048576K
}
Event: 9.222 GC heap before
{Heap before GC invocations=10 (full 2):
 PSYoungGen      total 194048K, used 11707K [0x00000000eab00000, 0x00000000f8400000, 0x0000000100000000)
  eden space 177664K, 0% used [0x00000000eab00000,0x00000000eab00000,0x00000000f5880000)
  from space 16384K, 71% used [0x00000000f6980000,0x00000000f74eee58,0x00000000f7980000)
  to   space 17408K, 0% used [0x00000000f5880000,0x00000000f5880000,0x00000000f6980000)
 ParOldGen       total 71680K, used 10829K [0x00000000c0000000, 0x00000000c4600000, 0x00000000eab00000)
  object space 71680K, 15% used [0x00000000c0000000,0x00000000c0a93430,0x00000000c4600000)
 Metaspace       used 34715K, capacity 35424K, committed 35496K, reserved 1079296K
  class space    used 4613K, capacity 4815K, committed 4864K, reserved 1048576K
Event: 9.367 GC heap after
Heap after GC invocations=10 (full 2):
 PSYoungGen      total 194048K, used 0K [0x00000000eab00000, 0x00000000f8400000, 0x0000000100000000)
  eden space 177664K, 0% used [0x00000000eab00000,0x00000000eab00000,0x00000000f5880000)
  from space 16384K, 0% used [0x00000000f6980000,0x00000000f6980000,0x00000000f7980000)
  to   space 17408K, 0% used [0x00000000f5880000,0x00000000f5880000,0x00000000f6980000)
 ParOldGen       total 107008K, used 17763K [0x00000000c0000000, 0x00000000c6880000, 0x00000000eab00000)
  object space 107008K, 16% used [0x00000000c0000000,0x00000000c1158d40,0x00000000c6880000)
 Metaspace       used 34642K, capacity 35278K, committed 35496K, reserved 1079296K
  class space    used 4591K, capacity 4789K, committed 4864K, reserved 1048576K
}

