# JRE version: Java(TM) SE Runtime Environment (8.0_65-b17) (build 1.8.0_65-b17)
# Java VM: Java HotSpot(TM) 64-Bit Server VM (25.65-b01 mixed mode windows-amd64 compressed oops)
Heap:
 PSYoungGen      total 439296K, used 359291K [0x00000000d5580000, 0x00000000f2f00000, 0x0000000100000000)
  eden space 393216K, 91% used [0x00000000d5580000,0x00000000eb45efe8,0x00000000ed580000)
  from space 46080K, 0% used [0x00000000ed580000,0x00000000ed580000,0x00000000f0280000)
  to   space 45568K, 0% used [0x00000000f0280000,0x00000000f0280000,0x00000000f2f00000)
 ParOldGen       total 155136K, used 34407K [0x0000000080000000, 0x0000000089780000, 0x00000000d5580000)
  object space 155136K, 22% used [0x0000000080000000,0x0000000082199c90,0x0000000089780000)
 Metaspace       used 63749K, capacity 65324K, committed 65664K, reserved 1105920K
  class space    used 8110K, capacity 8470K, committed 8576K, reserved 1048576K
GC Heap History (10 events):
Event: 10511.343 GC heap before
{Heap before GC invocations=22 (full 6):
 PSYoungGen      total 346624K, used 160K [0x00000000d5580000, 0x00000000ed480000, 0x0000000100000000)
  eden space 301056K, 0% used [0x00000000d5580000,0x00000000d5580000,0x00000000e7b80000)
  from space 45568K, 0% used [0x00000000ea800000,0x00000000ea828000,0x00000000ed480000)
  to   space 45568K, 0% used [0x00000000e7b80000,0x00000000e7b80000,0x00000000ea800000)
 ParOldGen       total 155136K, used 45330K [0x0000000080000000, 0x0000000089780000, 0x00000000d5580000)
  object space 155136K, 29% used [0x0000000080000000,0x0000000082c44a30,0x0000000089780000)
 Metaspace       used 59360K, capacity 60840K, committed 61056K, reserved 1101824K
  class space    used 7658K, capacity 8036K, committed 8064K, reserved 1048576K
Event: 10511.659 GC heap after
Heap after GC invocations=22 (full 6):
 PSYoungGen      total 346624K, used 0K [0x00000000d5580000, 0x00000000ed480000, 0x0000000100000000)
  eden space 301056K, 0% used [0x00000000d5580000,0x00000000d5580000,0x00000000e7b80000)
  from space 45568K, 0% used [0x00000000ea800000,0x00000000ea800000,0x00000000ed480000)
  to   space 45568K, 0% used [0x00000000e7b80000,0x00000000e7b80000,0x00000000ea800000)
 ParOldGen       total 155136K, used 26043K [0x0000000080000000, 0x0000000089780000, 0x00000000d5580000)
  object space 155136K, 16% used [0x0000000080000000,0x000000008196ecb0,0x0000000089780000)
 Metaspace       used 58720K, capacity 59730K, committed 61056K, reserved 1101824K
  class space    used 7524K, capacity 7802K, committed 8064K, reserved 1048576K
}
Event: 10644.674 GC heap before
{Heap before GC invocations=23 (full 6):
 PSYoungGen      total 346624K, used 301056K [0x00000000d5580000, 0x00000000ed480000, 0x0000000100000000)
  eden space 301056K, 100% used [0x00000000d5580000,0x00000000e7b80000,0x00000000e7b80000)
  from space 45568K, 0% used [0x00000000ea800000,0x00000000ea800000,0x00000000ed480000)
  to   space 45568K, 0% used [0x00000000e7b80000,0x00000000e7b80000,0x00000000ea800000)
 ParOldGen       total 155136K, used 26043K [0x0000000080000000, 0x0000000089780000, 0x00000000d5580000)
  object space 155136K, 16% used [0x0000000080000000,0x000000008196ecb0,0x0000000089780000)
 Metaspace       used 59606K, capacity 61066K, committed 61568K, reserved 1103872K
  class space    used 7637K, capacity 7989K, committed 8064K, reserved 1048576K
Event: 10644.736 GC heap after
Heap after GC invocations=23 (full 6):
 PSYoungGen      total 346624K, used 27141K [0x00000000d5580000, 0x00000000f3080000, 0x0000000100000000)
  eden space 301056K, 0% used [0x00000000d5580000,0x00000000d5580000,0x00000000e7b80000)
  from space 45568K, 59% used [0x00000000e7b80000,0x00000000e96017c0,0x00000000ea800000)
  to   space 47104K, 0% used [0x00000000f0280000,0x00000000f0280000,0x00000000f3080000)
 ParOldGen       total 155136K, used 26051K [0x0000000080000000, 0x0000000089780000, 0x00000000d5580000)
  object space 155136K, 16% used [0x0000000080000000,0x0000000081970cb0,0x0000000089780000)
 Metaspace       used 59606K, capacity 61066K, committed 61568K, reserved 1103872K
  class space    used 7637K, capacity 7989K, committed 8064K, reserved 1048576K
}
Event: 10648.492 GC heap before
{Heap before GC invocations=24 (full 6):
 PSYoungGen      total 346624K, used 328197K [0x00000000d5580000, 0x00000000f3080000, 0x0000000100000000)
  eden space 301056K, 100% used [0x00000000d5580000,0x00000000e7b80000,0x00000000e7b80000)
  from space 45568K, 59% used [0x00000000e7b80000,0x00000000e96017c0,0x00000000ea800000)
  to   space 47104K, 0% used [0x00000000f0280000,0x00000000f0280000,0x00000000f3080000)
 ParOldGen       total 155136K, used 26051K [0x0000000080000000, 0x0000000089780000, 0x00000000d5580000)
  object space 155136K, 16% used [0x0000000080000000,0x0000000081970cb0,0x0000000089780000)
 Metaspace       used 59833K, capacity 61200K, committed 61568K, reserved 1103872K
  class space    used 7638K, capacity 7990K, committed 8064K, reserved 1048576K
Event: 10648.535 GC heap after
Heap after GC invocations=24 (full 6):
 PSYoungGen      total 439808K, used 2477K [0x00000000d5580000, 0x00000000f3000000, 0x0000000100000000)
  eden space 393216K, 0% used [0x00000000d5580000,0x00000000d5580000,0x00000000ed580000)
  from space 46592K, 5% used [0x00000000f0280000,0x00000000f04eb690,0x00000000f3000000)
  to   space 46080K, 0% used [0x00000000ed580000,0x00000000ed580000,0x00000000f0280000)
 ParOldGen       total 155136K, used 39434K [0x0000000080000000, 0x0000000089780000, 0x00000000d5580000)
  object space 155136K, 25% used [0x0000000080000000,0x0000000082682810,0x0000000089780000)
 Metaspace       used 59833K, capacity 61200K, committed 61568K, reserved 1103872K
  class space    used 7638K, capacity 7990K, committed 8064K, reserved 1048576K
}
Event: 10648.682 GC heap before
{Heap before GC invocations=25 (full 6):
 PSYoungGen      total 439808K, used 11270K [0x00000000d5580000, 0x00000000f3000000, 0x0000000100000000)
  eden space 393216K, 2% used [0x00000000d5580000,0x00000000d5e16328,0x00000000ed580000)
  from space 46592K, 5% used [0x00000000f0280000,0x00000000f04eb690,0x00000000f3000000)
  to   space 46080K, 0% used [0x00000000ed580000,0x00000000ed580000,0x00000000f0280000)
 ParOldGen       total 155136K, used 39434K [0x0000000080000000, 0x0000000089780000, 0x00000000d5580000)
  object space 155136K, 25% used [0x0000000080000000,0x0000000082682810,0x0000000089780000)
 Metaspace       used 59848K, capacity 61200K, committed 61568K, reserved 1103872K
  class space    used 7638K, capacity 7990K, committed 8064K, reserved 1048576K
Event: 10648.685 GC heap after
Heap after GC invocations=25 (full 6):
 PSYoungGen      total 439296K, used 160K [0x00000000d5580000, 0x00000000f2f00000, 0x0000000100000000)
  eden space 393216K, 0% used [0x00000000d5580000,0x00000000d5580000,0x00000000ed580000)
  from space 46080K, 0% used [0x00000000ed580000,0x00000000ed5a8000,0x00000000f0280000)
  to   space 45568K, 0% used [0x00000000f0280000,0x00000000f0280000,0x00000000f2f00000)
 ParOldGen       total 155136K, used 39682K [0x0000000080000000, 0x0000000089780000, 0x00000000d5580000)
  object space 155136K, 25% used [0x0000000080000000,0x00000000826c0820,0x0000000089780000)
 Metaspace       used 59848K, capacity 61200K, committed 61568K, reserved 1103872K
  class space    used 7638K, capacity 7990K, committed 8064K, reserved 1048576K
}
Event: 10648.685 GC heap before
{Heap before GC invocations=26 (full 7):
 PSYoungGen      total 439296K, used 160K [0x00000000d5580000, 0x00000000f2f00000, 0x0000000100000000)
  eden space 393216K, 0% used [0x00000000d5580000,0x00000000d5580000,0x00000000ed580000)
  from space 46080K, 0% used [0x00000000ed580000,0x00000000ed5a8000,0x00000000f0280000)
  to   space 45568K, 0% used [0x00000000f0280000,0x00000000f0280000,0x00000000f2f00000)
 ParOldGen       total 155136K, used 39682K [0x0000000080000000, 0x0000000089780000, 0x00000000d5580000)
  object space 155136K, 25% used [0x0000000080000000,0x00000000826c0820,0x0000000089780000)
 Metaspace       used 59848K, capacity 61200K, committed 61568K, reserved 1103872K
  class space    used 7638K, capacity 7990K, committed 8064K, reserved 1048576K
Event: 10649.175 GC heap after
Heap after GC invocations=26 (full 7):
 PSYoungGen      total 439296K, used 0K [0x00000000d5580000, 0x00000000f2f00000, 0x0000000100000000)
  eden space 393216K, 0% used [0x00000000d5580000,0x00000000d5580000,0x00000000ed580000)
  from space 46080K, 0% used [0x00000000ed580000,0x00000000ed580000,0x00000000f0280000)
  to   space 45568K, 0% used [0x00000000f0280000,0x00000000f0280000,0x00000000f2f00000)
 ParOldGen       total 155136K, used 34407K [0x0000000080000000, 0x0000000089780000, 0x00000000d5580000)
  object space 155136K, 22% used [0x0000000080000000,0x0000000082199c90,0x0000000089780000)
 Metaspace       used 59726K, capacity 61028K, committed 61568K, reserved 1103872K
  class space    used 7619K, capacity 7950K, committed 8064K, reserved 1048576K
}

