# JRE version: Java(TM) SE Runtime Environment (8.0_65-b17) (build 1.8.0_65-b17)
# Java VM: Java HotSpot(TM) 64-Bit Server VM (25.65-b01 mixed mode windows-amd64 compressed oops)
Heap:
 PSYoungGen      total 210944K, used 54314K [0x00000000d5580000, 0x00000000e5100000, 0x0000000100000000)
  eden space 194560K, 19% used [0x00000000d5580000,0x00000000d7a8d160,0x00000000e1380000)
  from space 16384K, 99% used [0x00000000e2e00000,0x00000000e3dfd948,0x00000000e3e00000)
  to   space 27136K, 0% used [0x00000000e1380000,0x00000000e1380000,0x00000000e2e00000)
 ParOldGen       total 88576K, used 45578K [0x0000000080000000, 0x0000000085680000, 0x00000000d5580000)
  object space 88576K, 51% used [0x0000000080000000,0x0000000082c82958,0x0000000085680000)
 Metaspace       used 50509K, capacity 51496K, committed 51712K, reserved 1093632K
  class space    used 6852K, capacity 7164K, committed 7168K, reserved 1048576K
GC Heap History (10 events):
Event: 9.596 GC heap before
{Heap before GC invocations=8 (full 1):
 PSYoungGen      total 104448K, used 103146K [0x00000000d5580000, 0x00000000dc780000, 0x0000000100000000)
  eden space 96256K, 100% used [0x00000000d5580000,0x00000000db380000,0x00000000db380000)
  from space 8192K, 84% used [0x00000000dbf80000,0x00000000dc63abe0,0x00000000dc780000)
  to   space 10240K, 0% used [0x00000000db380000,0x00000000db380000,0x00000000dbd80000)
 ParOldGen       total 65024K, used 10670K [0x0000000080000000, 0x0000000083f80000, 0x00000000d5580000)
  object space 65024K, 16% used [0x0000000080000000,0x0000000080a6b828,0x0000000083f80000)
 Metaspace       used 33593K, capacity 34314K, committed 34560K, reserved 1079296K
  class space    used 4539K, capacity 4769K, committed 4864K, reserved 1048576K
Event: 9.665 GC heap after
Heap after GC invocations=8 (full 1):
 PSYoungGen      total 106496K, used 10230K [0x00000000d5580000, 0x00000000dfe00000, 0x0000000100000000)
  eden space 96256K, 0% used [0x00000000d5580000,0x00000000d5580000,0x00000000db380000)
  from space 10240K, 99% used [0x00000000db380000,0x00000000dbd7dac8,0x00000000dbd80000)
  to   space 13312K, 0% used [0x00000000df100000,0x00000000df100000,0x00000000dfe00000)
 ParOldGen       total 65024K, used 14091K [0x0000000080000000, 0x0000000083f80000, 0x00000000d5580000)
  object space 65024K, 21% used [0x0000000080000000,0x0000000080dc2d18,0x0000000083f80000)
 Metaspace       used 33593K, capacity 34314K, committed 34560K, reserved 1079296K
  class space    used 4539K, capacity 4769K, committed 4864K, reserved 1048576K
}
Event: 9.778 GC heap before
{Heap before GC invocations=9 (full 1):
 PSYoungGen      total 106496K, used 15640K [0x00000000d5580000, 0x00000000dfe00000, 0x0000000100000000)
  eden space 96256K, 5% used [0x00000000d5580000,0x00000000d5ac8618,0x00000000db380000)
  from space 10240K, 99% used [0x00000000db380000,0x00000000dbd7dac8,0x00000000dbd80000)
  to   space 13312K, 0% used [0x00000000df100000,0x00000000df100000,0x00000000dfe00000)
 ParOldGen       total 65024K, used 14091K [0x0000000080000000, 0x0000000083f80000, 0x00000000d5580000)
  object space 65024K, 21% used [0x0000000080000000,0x0000000080dc2d18,0x0000000083f80000)
 Metaspace       used 34560K, capacity 35210K, committed 35456K, reserved 1079296K
  class space    used 4694K, capacity 4897K, committed 4992K, reserved 1048576K
Event: 9.814 GC heap after
Heap after GC invocations=9 (full 1):
 PSYoungGen      total 158720K, used 10782K [0x00000000d5580000, 0x00000000e1780000, 0x0000000100000000)
  eden space 145408K, 0% used [0x00000000d5580000,0x00000000d5580000,0x00000000de380000)
  from space 13312K, 81% used [0x00000000df100000,0x00000000dfb87b30,0x00000000dfe00000)
  to   space 13824K, 0% used [0x00000000de380000,0x00000000de380000,0x00000000df100000)
 ParOldGen       total 65024K, used 14099K [0x0000000080000000, 0x0000000083f80000, 0x00000000d5580000)
  object space 65024K, 21% used [0x0000000080000000,0x0000000080dc4d18,0x0000000083f80000)
 Metaspace       used 34560K, capacity 35210K, committed 35456K, reserved 1079296K
  class space    used 4694K, capacity 4897K, committed 4992K, reserved 1048576K
}
Event: 9.814 GC heap before
{Heap before GC invocations=10 (full 2):
 PSYoungGen      total 158720K, used 10782K [0x00000000d5580000, 0x00000000e1780000, 0x0000000100000000)
  eden space 145408K, 0% used [0x00000000d5580000,0x00000000d5580000,0x00000000de380000)
  from space 13312K, 81% used [0x00000000df100000,0x00000000dfb87b30,0x00000000dfe00000)
  to   space 13824K, 0% used [0x00000000de380000,0x00000000de380000,0x00000000df100000)
 ParOldGen       total 65024K, used 14099K [0x0000000080000000, 0x0000000083f80000, 0x00000000d5580000)
  object space 65024K, 21% used [0x0000000080000000,0x0000000080dc4d18,0x0000000083f80000)
 Metaspace       used 34560K, capacity 35210K, committed 35456K, reserved 1079296K
  class space    used 4694K, capacity 4897K, committed 4992K, reserved 1048576K
Event: 10.014 GC heap after
Heap after GC invocations=10 (full 2):
 PSYoungGen      total 158720K, used 0K [0x00000000d5580000, 0x00000000e1780000, 0x0000000100000000)
  eden space 145408K, 0% used [0x00000000d5580000,0x00000000d5580000,0x00000000de380000)
  from space 13312K, 0% used [0x00000000df100000,0x00000000df100000,0x00000000dfe00000)
  to   space 13824K, 0% used [0x00000000de380000,0x00000000de380000,0x00000000df100000)
 ParOldGen       total 88576K, used 19082K [0x0000000080000000, 0x0000000085680000, 0x00000000d5580000)
  object space 88576K, 21% used [0x0000000080000000,0x00000000812a2990,0x0000000085680000)
 Metaspace       used 34560K, capacity 35210K, committed 35456K, reserved 1079296K
  class space    used 4694K, capacity 4897K, committed 4992K, reserved 1048576K
}
Event: 13.002 GC heap before
{Heap before GC invocations=11 (full 2):
 PSYoungGen      total 158720K, used 145408K [0x00000000d5580000, 0x00000000e1780000, 0x0000000100000000)
  eden space 145408K, 100% used [0x00000000d5580000,0x00000000de380000,0x00000000de380000)
  from space 13312K, 0% used [0x00000000df100000,0x00000000df100000,0x00000000dfe00000)
  to   space 13824K, 0% used [0x00000000de380000,0x00000000de380000,0x00000000df100000)
 ParOldGen       total 88576K, used 19082K [0x0000000080000000, 0x0000000085680000, 0x00000000d5580000)
  object space 88576K, 21% used [0x0000000080000000,0x00000000812a2990,0x0000000085680000)
 Metaspace       used 42329K, capacity 43202K, committed 43264K, reserved 1087488K
  class space    used 5858K, capacity 6086K, committed 6144K, reserved 1048576K
Event: 13.054 GC heap after
Heap after GC invocations=11 (full 2):
 PSYoungGen      total 159232K, used 13812K [0x00000000d5580000, 0x00000000e3e00000, 0x0000000100000000)
  eden space 145408K, 0% used [0x00000000d5580000,0x00000000d5580000,0x00000000de380000)
  from space 13824K, 99% used [0x00000000de380000,0x00000000df0fd298,0x00000000df100000)
  to   space 16384K, 0% used [0x00000000e2e00000,0x00000000e2e00000,0x00000000e3e00000)
 ParOldGen       total 88576K, used 21097K [0x0000000080000000, 0x0000000085680000, 0x00000000d5580000)
  object space 88576K, 23% used [0x0000000080000000,0x000000008149a6c0,0x0000000085680000)
 Metaspace       used 42329K, capacity 43202K, committed 43264K, reserved 1087488K
  class space    used 5858K, capacity 6086K, committed 6144K, reserved 1048576K
}
Event: 16.507 GC heap before
{Heap before GC invocations=12 (full 2):
 PSYoungGen      total 159232K, used 159220K [0x00000000d5580000, 0x00000000e3e00000, 0x0000000100000000)
  eden space 145408K, 100% used [0x00000000d5580000,0x00000000de380000,0x00000000de380000)
  from space 13824K, 99% used [0x00000000de380000,0x00000000df0fd298,0x00000000df100000)
  to   space 16384K, 0% used [0x00000000e2e00000,0x00000000e2e00000,0x00000000e3e00000)
 ParOldGen       total 88576K, used 21097K [0x0000000080000000, 0x0000000085680000, 0x00000000d5580000)
  object space 88576K, 23% used [0x0000000080000000,0x000000008149a6c0,0x0000000085680000)
 Metaspace       used 49415K, capacity 50440K, committed 50688K, reserved 1093632K
  class space    used 6755K, capacity 7068K, committed 7168K, reserved 1048576K
Event: 16.640 GC heap after
Heap after GC invocations=12 (full 2):
 PSYoungGen      total 210944K, used 16374K [0x00000000d5580000, 0x00000000e5100000, 0x0000000100000000)
  eden space 194560K, 0% used [0x00000000d5580000,0x00000000d5580000,0x00000000e1380000)
  from space 16384K, 99% used [0x00000000e2e00000,0x00000000e3dfd948,0x00000000e3e00000)
  to   space 27136K, 0% used [0x00000000e1380000,0x00000000e1380000,0x00000000e2e00000)
 ParOldGen       total 88576K, used 45578K [0x0000000080000000, 0x0000000085680000, 0x00000000d5580000)
  object space 88576K, 51% used [0x0000000080000000,0x0000000082c82958,0x0000000085680000)
 Metaspace       used 49415K, capacity 50440K, committed 50688K, reserved 1093632K
  class space    used 6755K, capacity 7068K, committed 7168K, reserved 1048576K
}

