# JRE version: Java(TM) SE Runtime Environment (8.0_65-b17) (build 1.8.0_65-b17)
# Java VM: Java HotSpot(TM) 64-Bit Server VM (25.65-b01 mixed mode windows-amd64 compressed oops)
Heap:
 PSYoungGen      total 165888K, used 132001K [0x00000000d5580000, 0x00000000e4f80000, 0x0000000100000000)
  eden space 152064K, 77% used [0x00000000d5580000,0x00000000dc8ed710,0x00000000dea00000)
  from space 13824K, 99% used [0x00000000dea00000,0x00000000df77afd8,0x00000000df780000)
  to   space 16896K, 0% used [0x00000000e3f00000,0x00000000e3f00000,0x00000000e4f80000)
 ParOldGen       total 82944K, used 21645K [0x0000000080000000, 0x0000000085100000, 0x00000000d5580000)
  object space 82944K, 26% used [0x0000000080000000,0x00000000815236b0,0x0000000085100000)
 Metaspace       used 50111K, capacity 51062K, committed 51328K, reserved 1093632K
  class space    used 6883K, capacity 7187K, committed 7296K, reserved 1048576K
GC Heap History (10 events):
Event: 10.217 GC heap before
{Heap before GC invocations=7 (full 1):
 PSYoungGen      total 71680K, used 71655K [0x00000000d5580000, 0x00000000dcc00000, 0x0000000100000000)
  eden space 66560K, 100% used [0x00000000d5580000,0x00000000d9680000,0x00000000d9680000)
  from space 5120K, 99% used [0x00000000d9680000,0x00000000d9b79f80,0x00000000d9b80000)
  to   space 10752K, 0% used [0x00000000dc180000,0x00000000dc180000,0x00000000dcc00000)
 ParOldGen       total 64000K, used 10678K [0x0000000080000000, 0x0000000083e80000, 0x00000000d5580000)
  object space 64000K, 16% used [0x0000000080000000,0x0000000080a6d8e0,0x0000000083e80000)
 Metaspace       used 29340K, capacity 29752K, committed 30080K, reserved 1075200K
  class space    used 3984K, capacity 4108K, committed 4224K, reserved 1048576K
Event: 10.266 GC heap after
Heap after GC invocations=7 (full 1):
 PSYoungGen      total 106496K, used 6861K [0x00000000d5580000, 0x00000000dc980000, 0x0000000100000000)
  eden space 98304K, 0% used [0x00000000d5580000,0x00000000d5580000,0x00000000db580000)
  from space 8192K, 83% used [0x00000000dc180000,0x00000000dc833790,0x00000000dc980000)
  to   space 10240K, 0% used [0x00000000db580000,0x00000000db580000,0x00000000dbf80000)
 ParOldGen       total 64000K, used 10750K [0x0000000080000000, 0x0000000083e80000, 0x00000000d5580000)
  object space 64000K, 16% used [0x0000000080000000,0x0000000080a7f8f0,0x0000000083e80000)
 Metaspace       used 29340K, capacity 29752K, committed 30080K, reserved 1075200K
  class space    used 3984K, capacity 4108K, committed 4224K, reserved 1048576K
}
Event: 12.896 GC heap before
{Heap before GC invocations=8 (full 1):
 PSYoungGen      total 106496K, used 105165K [0x00000000d5580000, 0x00000000dc980000, 0x0000000100000000)
  eden space 98304K, 100% used [0x00000000d5580000,0x00000000db580000,0x00000000db580000)
  from space 8192K, 83% used [0x00000000dc180000,0x00000000dc833790,0x00000000dc980000)
  to   space 10240K, 0% used [0x00000000db580000,0x00000000db580000,0x00000000dbf80000)
 ParOldGen       total 64000K, used 10750K [0x0000000080000000, 0x0000000083e80000, 0x00000000d5580000)
  object space 64000K, 16% used [0x0000000080000000,0x0000000080a7f8f0,0x0000000083e80000)
 Metaspace       used 34136K, capacity 34820K, committed 35072K, reserved 1079296K
  class space    used 4622K, capacity 4832K, committed 4864K, reserved 1048576K
Event: 13.014 GC heap after
Heap after GC invocations=8 (full 1):
 PSYoungGen      total 108544K, used 10210K [0x00000000d5580000, 0x00000000e0480000, 0x0000000100000000)
  eden space 98304K, 0% used [0x00000000d5580000,0x00000000d5580000,0x00000000db580000)
  from space 10240K, 99% used [0x00000000db580000,0x00000000dbf78a98,0x00000000dbf80000)
  to   space 13312K, 0% used [0x00000000df780000,0x00000000df780000,0x00000000e0480000)
 ParOldGen       total 64000K, used 14641K [0x0000000080000000, 0x0000000083e80000, 0x00000000d5580000)
  object space 64000K, 22% used [0x0000000080000000,0x0000000080e4c708,0x0000000083e80000)
 Metaspace       used 34136K, capacity 34820K, committed 35072K, reserved 1079296K
  class space    used 4622K, capacity 4832K, committed 4864K, reserved 1048576K
}
Event: 13.097 GC heap before
{Heap before GC invocations=9 (full 1):
 PSYoungGen      total 108544K, used 12057K [0x00000000d5580000, 0x00000000e0480000, 0x0000000100000000)
  eden space 98304K, 1% used [0x00000000d5580000,0x00000000d574dcb8,0x00000000db580000)
  from space 10240K, 99% used [0x00000000db580000,0x00000000dbf78a98,0x00000000dbf80000)
  to   space 13312K, 0% used [0x00000000df780000,0x00000000df780000,0x00000000e0480000)
 ParOldGen       total 64000K, used 14641K [0x0000000080000000, 0x0000000083e80000, 0x00000000d5580000)
  object space 64000K, 22% used [0x0000000080000000,0x0000000080e4c708,0x0000000083e80000)
 Metaspace       used 34666K, capacity 35300K, committed 35456K, reserved 1079296K
  class space    used 4713K, capacity 4928K, committed 4992K, reserved 1048576K
Event: 13.130 GC heap after
Heap after GC invocations=9 (full 1):
 PSYoungGen      total 165376K, used 10306K [0x00000000d5580000, 0x00000000e1f00000, 0x0000000100000000)
  eden space 152064K, 0% used [0x00000000d5580000,0x00000000d5580000,0x00000000dea00000)
  from space 13312K, 77% used [0x00000000df780000,0x00000000e0190a98,0x00000000e0480000)
  to   space 13824K, 0% used [0x00000000dea00000,0x00000000dea00000,0x00000000df780000)
 ParOldGen       total 64000K, used 14649K [0x0000000080000000, 0x0000000083e80000, 0x00000000d5580000)
  object space 64000K, 22% used [0x0000000080000000,0x0000000080e4e708,0x0000000083e80000)
 Metaspace       used 34666K, capacity 35300K, committed 35456K, reserved 1079296K
  class space    used 4713K, capacity 4928K, committed 4992K, reserved 1048576K
}
Event: 13.130 GC heap before
{Heap before GC invocations=10 (full 2):
 PSYoungGen      total 165376K, used 10306K [0x00000000d5580000, 0x00000000e1f00000, 0x0000000100000000)
  eden space 152064K, 0% used [0x00000000d5580000,0x00000000d5580000,0x00000000dea00000)
  from space 13312K, 77% used [0x00000000df780000,0x00000000e0190a98,0x00000000e0480000)
  to   space 13824K, 0% used [0x00000000dea00000,0x00000000dea00000,0x00000000df780000)
 ParOldGen       total 64000K, used 14649K [0x0000000080000000, 0x0000000083e80000, 0x00000000d5580000)
  object space 64000K, 22% used [0x0000000080000000,0x0000000080e4e708,0x0000000083e80000)
 Metaspace       used 34666K, capacity 35300K, committed 35456K, reserved 1079296K
  class space    used 4713K, capacity 4928K, committed 4992K, reserved 1048576K
Event: 13.339 GC heap after
Heap after GC invocations=10 (full 2):
 PSYoungGen      total 165376K, used 0K [0x00000000d5580000, 0x00000000e1f00000, 0x0000000100000000)
  eden space 152064K, 0% used [0x00000000d5580000,0x00000000d5580000,0x00000000dea00000)
  from space 13312K, 0% used [0x00000000df780000,0x00000000df780000,0x00000000e0480000)
  to   space 13824K, 0% used [0x00000000dea00000,0x00000000dea00000,0x00000000df780000)
 ParOldGen       total 82944K, used 18728K [0x0000000080000000, 0x0000000085100000, 0x00000000d5580000)
  object space 82944K, 22% used [0x0000000080000000,0x000000008124a208,0x0000000085100000)
 Metaspace       used 34666K, capacity 35300K, committed 35456K, reserved 1079296K
  class space    used 4713K, capacity 4928K, committed 4992K, reserved 1048576K
}
Event: 19.015 GC heap before
{Heap before GC invocations=11 (full 2):
 PSYoungGen      total 165376K, used 152064K [0x00000000d5580000, 0x00000000e1f00000, 0x0000000100000000)
  eden space 152064K, 100% used [0x00000000d5580000,0x00000000dea00000,0x00000000dea00000)
  from space 13312K, 0% used [0x00000000df780000,0x00000000df780000,0x00000000e0480000)
  to   space 13824K, 0% used [0x00000000dea00000,0x00000000dea00000,0x00000000df780000)
 ParOldGen       total 82944K, used 18728K [0x0000000080000000, 0x0000000085100000, 0x00000000d5580000)
  object space 82944K, 22% used [0x0000000080000000,0x000000008124a208,0x0000000085100000)
 Metaspace       used 42891K, capacity 43738K, committed 43904K, reserved 1087488K
  class space    used 5946K, capacity 6163K, committed 6272K, reserved 1048576K
Event: 19.073 GC heap after
Heap after GC invocations=11 (full 2):
 PSYoungGen      total 165888K, used 13803K [0x00000000d5580000, 0x00000000e4f80000, 0x0000000100000000)
  eden space 152064K, 0% used [0x00000000d5580000,0x00000000d5580000,0x00000000dea00000)
  from space 13824K, 99% used [0x00000000dea00000,0x00000000df77afd8,0x00000000df780000)
  to   space 16896K, 0% used [0x00000000e3f00000,0x00000000e3f00000,0x00000000e4f80000)
 ParOldGen       total 82944K, used 21645K [0x0000000080000000, 0x0000000085100000, 0x00000000d5580000)
  object space 82944K, 26% used [0x0000000080000000,0x00000000815236b0,0x0000000085100000)
 Metaspace       used 42891K, capacity 43738K, committed 43904K, reserved 1087488K
  class space    used 5946K, capacity 6163K, committed 6272K, reserved 1048576K
}

