# JRE version: Java(TM) SE Runtime Environment (8.0_65-b17) (build 1.8.0_65-b17)
# Java VM: Java HotSpot(TM) 64-Bit Server VM (25.65-b01 mixed mode windows-amd64 compressed oops)
Heap:
 PSYoungGen      total 261632K, used 145129K [0x00000000d5580000, 0x00000000e8680000, 0x0000000100000000)
  eden space 232960K, 49% used [0x00000000d5580000,0x00000000dc73b248,0x00000000e3900000)
  from space 28672K, 99% used [0x00000000e5c00000,0x00000000e77ff330,0x00000000e7800000)
  to   space 35840K, 0% used [0x00000000e3900000,0x00000000e3900000,0x00000000e5c00000)
 ParOldGen       total 98816K, used 45234K [0x0000000080000000, 0x0000000086080000, 0x00000000d5580000)
  object space 98816K, 45% used [0x0000000080000000,0x0000000082c2cb88,0x0000000086080000)
 Metaspace       used 55617K, capacity 56956K, committed 57088K, reserved 1099776K
  class space    used 7315K, capacity 7646K, committed 7680K, reserved 1048576K
GC Heap History (10 events):
Event: 17.270 GC heap before
{Heap before GC invocations=11 (full 2):
 PSYoungGen      total 159232K, used 158901K [0x00000000d5580000, 0x00000000e0880000, 0x0000000100000000)
  eden space 148480K, 100% used [0x00000000d5580000,0x00000000de680000,0x00000000de680000)
  from space 10752K, 96% used [0x00000000dfe00000,0x00000000e082d4f0,0x00000000e0880000)
  to   space 14336K, 0% used [0x00000000dec80000,0x00000000dec80000,0x00000000dfa80000)
 ParOldGen       total 98816K, used 21664K [0x0000000080000000, 0x0000000086080000, 0x00000000d5580000)
  object space 98816K, 21% used [0x0000000080000000,0x0000000081528198,0x0000000086080000)
 Metaspace       used 48948K, capacity 49980K, committed 50048K, reserved 1091584K
  class space    used 6701K, capacity 6996K, committed 7040K, reserved 1048576K
Event: 17.412 GC heap after
Heap after GC invocations=11 (full 2):
 PSYoungGen      total 168960K, used 14327K [0x00000000d5580000, 0x00000000e3e00000, 0x0000000100000000)
  eden space 154624K, 0% used [0x00000000d5580000,0x00000000d5580000,0x00000000dec80000)
  from space 14336K, 99% used [0x00000000dec80000,0x00000000dfa7dd68,0x00000000dfa80000)
  to   space 22528K, 0% used [0x00000000e2800000,0x00000000e2800000,0x00000000e3e00000)
 ParOldGen       total 98816K, used 37365K [0x0000000080000000, 0x0000000086080000, 0x00000000d5580000)
  object space 98816K, 37% used [0x0000000080000000,0x000000008247d7f0,0x0000000086080000)
 Metaspace       used 48948K, capacity 49980K, committed 50048K, reserved 1091584K
  class space    used 6701K, capacity 6996K, committed 7040K, reserved 1048576K
}
Event: 18.132 GC heap before
{Heap before GC invocations=12 (full 2):
 PSYoungGen      total 168960K, used 42191K [0x00000000d5580000, 0x00000000e3e00000, 0x0000000100000000)
  eden space 154624K, 18% used [0x00000000d5580000,0x00000000d70b5f50,0x00000000dec80000)
  from space 14336K, 99% used [0x00000000dec80000,0x00000000dfa7dd68,0x00000000dfa80000)
  to   space 22528K, 0% used [0x00000000e2800000,0x00000000e2800000,0x00000000e3e00000)
 ParOldGen       total 98816K, used 37365K [0x0000000080000000, 0x0000000086080000, 0x00000000d5580000)
  object space 98816K, 37% used [0x0000000080000000,0x000000008247d7f0,0x0000000086080000)
 Metaspace       used 49637K, capacity 50696K, committed 50944K, reserved 1093632K
  class space    used 6785K, capacity 7068K, committed 7168K, reserved 1048576K
Event: 18.191 GC heap after
Heap after GC invocations=12 (full 2):
 PSYoungGen      total 212480K, used 22088K [0x00000000d5580000, 0x00000000e4400000, 0x0000000100000000)
  eden space 189952K, 0% used [0x00000000d5580000,0x00000000d5580000,0x00000000e0f00000)
  from space 22528K, 98% used [0x00000000e2800000,0x00000000e3d92040,0x00000000e3e00000)
  to   space 25600K, 0% used [0x00000000e0f00000,0x00000000e0f00000,0x00000000e2800000)
 ParOldGen       total 98816K, used 37373K [0x0000000080000000, 0x0000000086080000, 0x00000000d5580000)
  object space 98816K, 37% used [0x0000000080000000,0x000000008247f7f0,0x0000000086080000)
 Metaspace       used 49637K, capacity 50696K, committed 50944K, reserved 1093632K
  class space    used 6785K, capacity 7068K, committed 7168K, reserved 1048576K
}
Event: 18.191 GC heap before
{Heap before GC invocations=13 (full 3):
 PSYoungGen      total 212480K, used 22088K [0x00000000d5580000, 0x00000000e4400000, 0x0000000100000000)
  eden space 189952K, 0% used [0x00000000d5580000,0x00000000d5580000,0x00000000e0f00000)
  from space 22528K, 98% used [0x00000000e2800000,0x00000000e3d92040,0x00000000e3e00000)
  to   space 25600K, 0% used [0x00000000e0f00000,0x00000000e0f00000,0x00000000e2800000)
 ParOldGen       total 98816K, used 37373K [0x0000000080000000, 0x0000000086080000, 0x00000000d5580000)
  object space 98816K, 37% used [0x0000000080000000,0x000000008247f7f0,0x0000000086080000)
 Metaspace       used 49637K, capacity 50696K, committed 50944K, reserved 1093632K
  class space    used 6785K, capacity 7068K, committed 7168K, reserved 1048576K
Event: 18.547 GC heap after
Heap after GC invocations=13 (full 3):
 PSYoungGen      total 212480K, used 0K [0x00000000d5580000, 0x00000000e4400000, 0x0000000100000000)
  eden space 189952K, 0% used [0x00000000d5580000,0x00000000d5580000,0x00000000e0f00000)
  from space 22528K, 0% used [0x00000000e2800000,0x00000000e2800000,0x00000000e3e00000)
  to   space 25600K, 0% used [0x00000000e0f00000,0x00000000e0f00000,0x00000000e2800000)
 ParOldGen       total 98816K, used 37264K [0x0000000080000000, 0x0000000086080000, 0x00000000d5580000)
  object space 98816K, 37% used [0x0000000080000000,0x0000000082464388,0x0000000086080000)
 Metaspace       used 49521K, capacity 50524K, committed 50944K, reserved 1093632K
  class space    used 6767K, capacity 7028K, committed 7168K, reserved 1048576K
}
Event: 42.210 GC heap before
{Heap before GC invocations=14 (full 3):
 PSYoungGen      total 212480K, used 189952K [0x00000000d5580000, 0x00000000e4400000, 0x0000000100000000)
  eden space 189952K, 100% used [0x00000000d5580000,0x00000000e0f00000,0x00000000e0f00000)
  from space 22528K, 0% used [0x00000000e2800000,0x00000000e2800000,0x00000000e3e00000)
  to   space 25600K, 0% used [0x00000000e0f00000,0x00000000e0f00000,0x00000000e2800000)
 ParOldGen       total 98816K, used 37264K [0x0000000080000000, 0x0000000086080000, 0x00000000d5580000)
  object space 98816K, 37% used [0x0000000080000000,0x0000000082464388,0x0000000086080000)
 Metaspace       used 50714K, capacity 51972K, committed 52224K, reserved 1093632K
  class space    used 6834K, capacity 7162K, committed 7168K, reserved 1048576K
Event: 42.293 GC heap after
Heap after GC invocations=14 (full 3):
 PSYoungGen      total 215552K, used 23401K [0x00000000d5580000, 0x00000000e7800000, 0x0000000100000000)
  eden space 189952K, 0% used [0x00000000d5580000,0x00000000d5580000,0x00000000e0f00000)
  from space 25600K, 91% used [0x00000000e0f00000,0x00000000e25da708,0x00000000e2800000)
  to   space 28672K, 0% used [0x00000000e5c00000,0x00000000e5c00000,0x00000000e7800000)
 ParOldGen       total 98816K, used 37272K [0x0000000080000000, 0x0000000086080000, 0x00000000d5580000)
  object space 98816K, 37% used [0x0000000080000000,0x0000000082466388,0x0000000086080000)
 Metaspace       used 50714K, capacity 51972K, committed 52224K, reserved 1093632K
  class space    used 6834K, capacity 7162K, committed 7168K, reserved 1048576K
}
Event: 46.750 GC heap before
{Heap before GC invocations=15 (full 3):
 PSYoungGen      total 215552K, used 213353K [0x00000000d5580000, 0x00000000e7800000, 0x0000000100000000)
  eden space 189952K, 100% used [0x00000000d5580000,0x00000000e0f00000,0x00000000e0f00000)
  from space 25600K, 91% used [0x00000000e0f00000,0x00000000e25da708,0x00000000e2800000)
  to   space 28672K, 0% used [0x00000000e5c00000,0x00000000e5c00000,0x00000000e7800000)
 ParOldGen       total 98816K, used 37272K [0x0000000080000000, 0x0000000086080000, 0x00000000d5580000)
  object space 98816K, 37% used [0x0000000080000000,0x0000000082466388,0x0000000086080000)
 Metaspace       used 55305K, capacity 56612K, committed 56832K, reserved 1097728K
  class space    used 7279K, capacity 7642K, committed 7680K, reserved 1048576K
Event: 46.849 GC heap after
Heap after GC invocations=15 (full 3):
 PSYoungGen      total 261632K, used 28668K [0x00000000d5580000, 0x00000000e8680000, 0x0000000100000000)
  eden space 232960K, 0% used [0x00000000d5580000,0x00000000d5580000,0x00000000e3900000)
  from space 28672K, 99% used [0x00000000e5c00000,0x00000000e77ff330,0x00000000e7800000)
  to   space 35840K, 0% used [0x00000000e3900000,0x00000000e3900000,0x00000000e5c00000)
 ParOldGen       total 98816K, used 45234K [0x0000000080000000, 0x0000000086080000, 0x00000000d5580000)
  object space 98816K, 45% used [0x0000000080000000,0x0000000082c2cb88,0x0000000086080000)
 Metaspace       used 55305K, capacity 56612K, committed 56832K, reserved 1097728K
  class space    used 7279K, capacity 7642K, committed 7680K, reserved 1048576K
}

