# JRE version: Java(TM) SE Runtime Environment (8.0_65-b17) (build 1.8.0_65-b17)
# Java VM: Java HotSpot(TM) 64-Bit Server VM (25.65-b01 mixed mode windows-amd64 compressed oops)
Heap:
 PSYoungGen      total 257536K, used 76502K [0x00000000d5580000, 0x00000000e7000000, 0x0000000100000000)
  eden space 237056K, 23% used [0x00000000d5580000,0x00000000d8c625d8,0x00000000e3d00000)
  from space 20480K, 99% used [0x00000000e4600000,0x00000000e59d34f0,0x00000000e5a00000)
  to   space 22528K, 0% used [0x00000000e5a00000,0x00000000e5a00000,0x00000000e7000000)
 ParOldGen       total 95744K, used 48007K [0x0000000080000000, 0x0000000085d80000, 0x00000000d5580000)
  object space 95744K, 50% used [0x0000000080000000,0x0000000082ee1cb8,0x0000000085d80000)
 Metaspace       used 61334K, capacity 63494K, committed 63744K, reserved 1103872K
  class space    used 8166K, capacity 8693K, committed 8704K, reserved 1048576K
GC Heap History (10 events):
Event: 29.857 GC heap before
{Heap before GC invocations=15 (full 3):
 PSYoungGen      total 269824K, used 621K [0x00000000d5580000, 0x00000000e7700000, 0x0000000100000000)
  eden space 244736K, 0% used [0x00000000d5580000,0x00000000d5580000,0x00000000e4480000)
  from space 25088K, 2% used [0x00000000e5d80000,0x00000000e5e1b568,0x00000000e7600000)
  to   space 25600K, 0% used [0x00000000e4480000,0x00000000e4480000,0x00000000e5d80000)
 ParOldGen       total 95744K, used 50853K [0x0000000080000000, 0x0000000085d80000, 0x00000000d5580000)
  object space 95744K, 53% used [0x0000000080000000,0x00000000831a9450,0x0000000085d80000)
 Metaspace       used 51671K, capacity 53156K, committed 53376K, reserved 1095680K
  class space    used 7036K, capacity 7452K, committed 7552K, reserved 1048576K
Event: 30.407 GC heap after
Heap after GC invocations=15 (full 3):
 PSYoungGen      total 269824K, used 0K [0x00000000d5580000, 0x00000000e7700000, 0x0000000100000000)
  eden space 244736K, 0% used [0x00000000d5580000,0x00000000d5580000,0x00000000e4480000)
  from space 25088K, 0% used [0x00000000e5d80000,0x00000000e5d80000,0x00000000e7600000)
  to   space 25600K, 0% used [0x00000000e4480000,0x00000000e4480000,0x00000000e5d80000)
 ParOldGen       total 95744K, used 42047K [0x0000000080000000, 0x0000000085d80000, 0x00000000d5580000)
  object space 95744K, 43% used [0x0000000080000000,0x000000008290feb8,0x0000000085d80000)
 Metaspace       used 51671K, capacity 53156K, committed 53376K, reserved 1095680K
  class space    used 7036K, capacity 7452K, committed 7552K, reserved 1048576K
}
Event: 159.588 GC heap before
{Heap before GC invocations=16 (full 3):
 PSYoungGen      total 269824K, used 225972K [0x00000000d5580000, 0x00000000e7700000, 0x0000000100000000)
  eden space 244736K, 92% used [0x00000000d5580000,0x00000000e322d0e8,0x00000000e4480000)
  from space 25088K, 0% used [0x00000000e5d80000,0x00000000e5d80000,0x00000000e7600000)
  to   space 25600K, 0% used [0x00000000e4480000,0x00000000e4480000,0x00000000e5d80000)
 ParOldGen       total 95744K, used 42047K [0x0000000080000000, 0x0000000085d80000, 0x00000000d5580000)
  object space 95744K, 43% used [0x0000000080000000,0x000000008290feb8,0x0000000085d80000)
 Metaspace       used 52971K, capacity 54766K, committed 55040K, reserved 1097728K
  class space    used 7123K, capacity 7586K, committed 7680K, reserved 1048576K
Event: 159.609 GC heap after
Heap after GC invocations=16 (full 3):
 PSYoungGen      total 252416K, used 7404K [0x00000000d5580000, 0x00000000e7400000, 0x0000000100000000)
  eden space 244736K, 0% used [0x00000000d5580000,0x00000000d5580000,0x00000000e4480000)
  from space 7680K, 96% used [0x00000000e4480000,0x00000000e4bbb388,0x00000000e4c00000)
  to   space 24064K, 0% used [0x00000000e5c80000,0x00000000e5c80000,0x00000000e7400000)
 ParOldGen       total 95744K, used 42055K [0x0000000080000000, 0x0000000085d80000, 0x00000000d5580000)
  object space 95744K, 43% used [0x0000000080000000,0x0000000082911eb8,0x0000000085d80000)
 Metaspace       used 52971K, capacity 54766K, committed 55040K, reserved 1097728K
  class space    used 7123K, capacity 7586K, committed 7680K, reserved 1048576K
}
Event: 159.609 GC heap before
{Heap before GC invocations=17 (full 4):
 PSYoungGen      total 252416K, used 7404K [0x00000000d5580000, 0x00000000e7400000, 0x0000000100000000)
  eden space 244736K, 0% used [0x00000000d5580000,0x00000000d5580000,0x00000000e4480000)
  from space 7680K, 96% used [0x00000000e4480000,0x00000000e4bbb388,0x00000000e4c00000)
  to   space 24064K, 0% used [0x00000000e5c80000,0x00000000e5c80000,0x00000000e7400000)
 ParOldGen       total 95744K, used 42055K [0x0000000080000000, 0x0000000085d80000, 0x00000000d5580000)
  object space 95744K, 43% used [0x0000000080000000,0x0000000082911eb8,0x0000000085d80000)
 Metaspace       used 52971K, capacity 54766K, committed 55040K, reserved 1097728K
  class space    used 7123K, capacity 7586K, committed 7680K, reserved 1048576K
Event: 160.232 GC heap after
Heap after GC invocations=17 (full 4):
 PSYoungGen      total 252416K, used 0K [0x00000000d5580000, 0x00000000e7400000, 0x0000000100000000)
  eden space 244736K, 0% used [0x00000000d5580000,0x00000000d5580000,0x00000000e4480000)
  from space 7680K, 0% used [0x00000000e4480000,0x00000000e4480000,0x00000000e4c00000)
  to   space 24064K, 0% used [0x00000000e5c80000,0x00000000e5c80000,0x00000000e7400000)
 ParOldGen       total 95744K, used 47991K [0x0000000080000000, 0x0000000085d80000, 0x00000000d5580000)
  object space 95744K, 50% used [0x0000000080000000,0x0000000082eddcb8,0x0000000085d80000)
 Metaspace       used 52952K, capacity 54744K, committed 55040K, reserved 1097728K
  class space    used 7117K, capacity 7580K, committed 7680K, reserved 1048576K
}
Event: 671.354 GC heap before
{Heap before GC invocations=18 (full 4):
 PSYoungGen      total 252416K, used 244736K [0x00000000d5580000, 0x00000000e7400000, 0x0000000100000000)
  eden space 244736K, 100% used [0x00000000d5580000,0x00000000e4480000,0x00000000e4480000)
  from space 7680K, 0% used [0x00000000e4480000,0x00000000e4480000,0x00000000e4c00000)
  to   space 24064K, 0% used [0x00000000e5c80000,0x00000000e5c80000,0x00000000e7400000)
 ParOldGen       total 95744K, used 47991K [0x0000000080000000, 0x0000000085d80000, 0x00000000d5580000)
  object space 95744K, 50% used [0x0000000080000000,0x0000000082eddcb8,0x0000000085d80000)
 Metaspace       used 55804K, capacity 57920K, committed 58112K, reserved 1099776K
  class space    used 7502K, capacity 8068K, committed 8192K, reserved 1048576K
Event: 671.394 GC heap after
Heap after GC invocations=18 (full 4):
 PSYoungGen      total 270336K, used 10480K [0x00000000d5580000, 0x00000000eaa00000, 0x0000000100000000)
  eden space 246272K, 0% used [0x00000000d5580000,0x00000000d5580000,0x00000000e4600000)
  from space 24064K, 43% used [0x00000000e5c80000,0x00000000e66bc300,0x00000000e7400000)
  to   space 23040K, 0% used [0x00000000e4600000,0x00000000e4600000,0x00000000e5c80000)
 ParOldGen       total 95744K, used 47999K [0x0000000080000000, 0x0000000085d80000, 0x00000000d5580000)
  object space 95744K, 50% used [0x0000000080000000,0x0000000082edfcb8,0x0000000085d80000)
 Metaspace       used 55804K, capacity 57920K, committed 58112K, reserved 1099776K
  class space    used 7502K, capacity 8068K, committed 8192K, reserved 1048576K
}
Event: 690.159 GC heap before
{Heap before GC invocations=19 (full 4):
 PSYoungGen      total 270336K, used 256752K [0x00000000d5580000, 0x00000000eaa00000, 0x0000000100000000)
  eden space 246272K, 100% used [0x00000000d5580000,0x00000000e4600000,0x00000000e4600000)
  from space 24064K, 43% used [0x00000000e5c80000,0x00000000e66bc300,0x00000000e7400000)
  to   space 23040K, 0% used [0x00000000e4600000,0x00000000e4600000,0x00000000e5c80000)
 ParOldGen       total 95744K, used 47999K [0x0000000080000000, 0x0000000085d80000, 0x00000000d5580000)
  object space 95744K, 50% used [0x0000000080000000,0x0000000082edfcb8,0x0000000085d80000)
 Metaspace       used 57074K, capacity 59334K, committed 59392K, reserved 1099776K
  class space    used 7644K, capacity 8181K, committed 8192K, reserved 1048576K
Event: 690.213 GC heap after
Heap after GC invocations=19 (full 4):
 PSYoungGen      total 257536K, used 20301K [0x00000000d5580000, 0x00000000e7000000, 0x0000000100000000)
  eden space 237056K, 0% used [0x00000000d5580000,0x00000000d5580000,0x00000000e3d00000)
  from space 20480K, 99% used [0x00000000e4600000,0x00000000e59d34f0,0x00000000e5a00000)
  to   space 22528K, 0% used [0x00000000e5a00000,0x00000000e5a00000,0x00000000e7000000)
 ParOldGen       total 95744K, used 48007K [0x0000000080000000, 0x0000000085d80000, 0x00000000d5580000)
  object space 95744K, 50% used [0x0000000080000000,0x0000000082ee1cb8,0x0000000085d80000)
 Metaspace       used 57074K, capacity 59334K, committed 59392K, reserved 1099776K
  class space    used 7644K, capacity 8181K, committed 8192K, reserved 1048576K
}

