# JRE version: Java(TM) SE Runtime Environment (8.0_65-b17) (build 1.8.0_65-b17)
# Java VM: Java HotSpot(TM) 64-Bit Server VM (25.65-b01 mixed mode windows-amd64 compressed oops)
Heap:
 PSYoungGen      total 201728K, used 97601K [0x00000000eab00000, 0x00000000fa180000, 0x0000000100000000)
  eden space 194048K, 46% used [0x00000000eab00000,0x00000000f030d1e8,0x00000000f6880000)
  from space 7680K, 96% used [0x00000000f6f80000,0x00000000f76c32c8,0x00000000f7700000)
  to   space 29184K, 0% used [0x00000000f8500000,0x00000000f8500000,0x00000000fa180000)
 ParOldGen       total 104448K, used 44267K [0x00000000c0000000, 0x00000000c6600000, 0x00000000eab00000)
  object space 104448K, 42% used [0x00000000c0000000,0x00000000c2b3af20,0x00000000c6600000)
 Metaspace       used 61387K, capacity 63356K, committed 63616K, reserved 1103872K
  class space    used 8237K, capacity 8780K, committed 8832K, reserved 1048576K
GC Heap History (10 events):
Event: 23.942 GC heap before
{Heap before GC invocations=10 (full 2):
 PSYoungGen      total 158720K, used 142848K [0x00000000eab00000, 0x00000000f9a00000, 0x0000000100000000)
  eden space 142848K, 100% used [0x00000000eab00000,0x00000000f3680000,0x00000000f3680000)
  from space 15872K, 0% used [0x00000000f3680000,0x00000000f3680000,0x00000000f4600000)
  to   space 18432K, 0% used [0x00000000f8800000,0x00000000f8800000,0x00000000f9a00000)
 ParOldGen       total 104448K, used 19374K [0x00000000c0000000, 0x00000000c6600000, 0x00000000eab00000)
  object space 104448K, 18% used [0x00000000c0000000,0x00000000c12eb8b0,0x00000000c6600000)
 Metaspace       used 45753K, capacity 46674K, committed 46848K, reserved 1089536K
  class space    used 6132K, capacity 6340K, committed 6400K, reserved 1048576K
Event: 24.012 GC heap after
Heap after GC invocations=10 (full 2):
 PSYoungGen      total 221184K, used 18203K [0x00000000eab00000, 0x00000000f9b00000, 0x0000000100000000)
  eden space 202752K, 0% used [0x00000000eab00000,0x00000000eab00000,0x00000000f7100000)
  from space 18432K, 98% used [0x00000000f8800000,0x00000000f99c6d70,0x00000000f9a00000)
  to   space 21504K, 0% used [0x00000000f7100000,0x00000000f7100000,0x00000000f8600000)
 ParOldGen       total 104448K, used 19382K [0x00000000c0000000, 0x00000000c6600000, 0x00000000eab00000)
  object space 104448K, 18% used [0x00000000c0000000,0x00000000c12ed8b0,0x00000000c6600000)
 Metaspace       used 45753K, capacity 46674K, committed 46848K, reserved 1089536K
  class space    used 6132K, capacity 6340K, committed 6400K, reserved 1048576K
}
Event: 28.268 GC heap before
{Heap before GC invocations=11 (full 2):
 PSYoungGen      total 221184K, used 180400K [0x00000000eab00000, 0x00000000f9b00000, 0x0000000100000000)
  eden space 202752K, 79% used [0x00000000eab00000,0x00000000f49652c0,0x00000000f7100000)
  from space 18432K, 98% used [0x00000000f8800000,0x00000000f99c6d70,0x00000000f9a00000)
  to   space 21504K, 0% used [0x00000000f7100000,0x00000000f7100000,0x00000000f8600000)
 ParOldGen       total 104448K, used 19382K [0x00000000c0000000, 0x00000000c6600000, 0x00000000eab00000)
  object space 104448K, 18% used [0x00000000c0000000,0x00000000c12ed8b0,0x00000000c6600000)
 Metaspace       used 51413K, capacity 52864K, committed 53120K, reserved 1095680K
  class space    used 7031K, capacity 7446K, committed 7552K, reserved 1048576K
Event: 28.412 GC heap after
Heap after GC invocations=11 (full 2):
 PSYoungGen      total 224256K, used 21503K [0x00000000eab00000, 0x00000000fa900000, 0x0000000100000000)
  eden space 202752K, 0% used [0x00000000eab00000,0x00000000eab00000,0x00000000f7100000)
  from space 21504K, 99% used [0x00000000f7100000,0x00000000f85ffd40,0x00000000f8600000)
  to   space 28672K, 0% used [0x00000000f8d00000,0x00000000f8d00000,0x00000000fa900000)
 ParOldGen       total 104448K, used 27414K [0x00000000c0000000, 0x00000000c6600000, 0x00000000eab00000)
  object space 104448K, 26% used [0x00000000c0000000,0x00000000c1ac5888,0x00000000c6600000)
 Metaspace       used 51413K, capacity 52864K, committed 53120K, reserved 1095680K
  class space    used 7031K, capacity 7446K, committed 7552K, reserved 1048576K
}
Event: 28.412 GC heap before
{Heap before GC invocations=12 (full 3):
 PSYoungGen      total 224256K, used 21503K [0x00000000eab00000, 0x00000000fa900000, 0x0000000100000000)
  eden space 202752K, 0% used [0x00000000eab00000,0x00000000eab00000,0x00000000f7100000)
  from space 21504K, 99% used [0x00000000f7100000,0x00000000f85ffd40,0x00000000f8600000)
  to   space 28672K, 0% used [0x00000000f8d00000,0x00000000f8d00000,0x00000000fa900000)
 ParOldGen       total 104448K, used 27414K [0x00000000c0000000, 0x00000000c6600000, 0x00000000eab00000)
  object space 104448K, 26% used [0x00000000c0000000,0x00000000c1ac5888,0x00000000c6600000)
 Metaspace       used 51413K, capacity 52864K, committed 53120K, reserved 1095680K
  class space    used 7031K, capacity 7446K, committed 7552K, reserved 1048576K
Event: 29.104 GC heap after
Heap after GC invocations=12 (full 3):
 PSYoungGen      total 224256K, used 0K [0x00000000eab00000, 0x00000000fa900000, 0x0000000100000000)
  eden space 202752K, 0% used [0x00000000eab00000,0x00000000eab00000,0x00000000f7100000)
  from space 21504K, 0% used [0x00000000f7100000,0x00000000f7100000,0x00000000f8600000)
  to   space 28672K, 0% used [0x00000000f8d00000,0x00000000f8d00000,0x00000000fa900000)
 ParOldGen       total 104448K, used 44251K [0x00000000c0000000, 0x00000000c6600000, 0x00000000eab00000)
  object space 104448K, 42% used [0x00000000c0000000,0x00000000c2b36f20,0x00000000c6600000)
 Metaspace       used 51413K, capacity 52864K, committed 53120K, reserved 1095680K
  class space    used 7031K, capacity 7446K, committed 7552K, reserved 1048576K
}
Event: 46.346 GC heap before
{Heap before GC invocations=13 (full 3):
 PSYoungGen      total 224256K, used 202752K [0x00000000eab00000, 0x00000000fa900000, 0x0000000100000000)
  eden space 202752K, 100% used [0x00000000eab00000,0x00000000f7100000,0x00000000f7100000)
  from space 21504K, 0% used [0x00000000f7100000,0x00000000f7100000,0x00000000f8600000)
  to   space 28672K, 0% used [0x00000000f8d00000,0x00000000f8d00000,0x00000000fa900000)
 ParOldGen       total 104448K, used 44251K [0x00000000c0000000, 0x00000000c6600000, 0x00000000eab00000)
  object space 104448K, 42% used [0x00000000c0000000,0x00000000c2b36f20,0x00000000c6600000)
 Metaspace       used 55446K, capacity 57156K, committed 57472K, reserved 1099776K
  class space    used 7509K, capacity 7963K, committed 8064K, reserved 1048576K
Event: 46.387 GC heap after
Heap after GC invocations=13 (full 3):
 PSYoungGen      total 229888K, used 19221K [0x00000000eab00000, 0x00000000fd800000, 0x0000000100000000)
  eden space 201216K, 0% used [0x00000000eab00000,0x00000000eab00000,0x00000000f6f80000)
  from space 28672K, 67% used [0x00000000f8d00000,0x00000000f9fc55e8,0x00000000fa900000)
  to   space 30208K, 0% used [0x00000000f6f80000,0x00000000f6f80000,0x00000000f8d00000)
 ParOldGen       total 104448K, used 44259K [0x00000000c0000000, 0x00000000c6600000, 0x00000000eab00000)
  object space 104448K, 42% used [0x00000000c0000000,0x00000000c2b38f20,0x00000000c6600000)
 Metaspace       used 55446K, capacity 57156K, committed 57472K, reserved 1099776K
  class space    used 7509K, capacity 7963K, committed 8064K, reserved 1048576K
}
Event: 1923.234 GC heap before
{Heap before GC invocations=14 (full 3):
 PSYoungGen      total 229888K, used 220437K [0x00000000eab00000, 0x00000000fd800000, 0x0000000100000000)
  eden space 201216K, 100% used [0x00000000eab00000,0x00000000f6f80000,0x00000000f6f80000)
  from space 28672K, 67% used [0x00000000f8d00000,0x00000000f9fc55e8,0x00000000fa900000)
  to   space 30208K, 0% used [0x00000000f6f80000,0x00000000f6f80000,0x00000000f8d00000)
 ParOldGen       total 104448K, used 44259K [0x00000000c0000000, 0x00000000c6600000, 0x00000000eab00000)
  object space 104448K, 42% used [0x00000000c0000000,0x00000000c2b38f20,0x00000000c6600000)
 Metaspace       used 57035K, capacity 58792K, committed 58880K, reserved 1099776K
  class space    used 7675K, capacity 8149K, committed 8192K, reserved 1048576K
Event: 1923.306 GC heap after
Heap after GC invocations=14 (full 3):
 PSYoungGen      total 201728K, used 7436K [0x00000000eab00000, 0x00000000fa180000, 0x0000000100000000)
  eden space 194048K, 0% used [0x00000000eab00000,0x00000000eab00000,0x00000000f6880000)
  from space 7680K, 96% used [0x00000000f6f80000,0x00000000f76c32c8,0x00000000f7700000)
  to   space 29184K, 0% used [0x00000000f8500000,0x00000000f8500000,0x00000000fa180000)
 ParOldGen       total 104448K, used 44267K [0x00000000c0000000, 0x00000000c6600000, 0x00000000eab00000)
  object space 104448K, 42% used [0x00000000c0000000,0x00000000c2b3af20,0x00000000c6600000)
 Metaspace       used 57035K, capacity 58792K, committed 58880K, reserved 1099776K
  class space    used 7675K, capacity 8149K, committed 8192K, reserved 1048576K
}

