# JRE version: Java(TM) SE Runtime Environment (8.0_65-b17) (build 1.8.0_65-b17)
# Java VM: Java HotSpot(TM) 64-Bit Server VM (25.65-b01 mixed mode windows-amd64 compressed oops)
Heap:
 PSYoungGen      total 189952K, used 128826K [0x00000000d5580000, 0x00000000e3600000, 0x0000000100000000)
  eden space 173568K, 64% used [0x00000000d5580000,0x00000000dc350a68,0x00000000dff00000)
  from space 16384K, 99% used [0x00000000e1700000,0x00000000e26fdda8,0x00000000e2700000)
  to   space 24576K, 0% used [0x00000000dff00000,0x00000000dff00000,0x00000000e1700000)
 ParOldGen       total 112640K, used 34044K [0x0000000080000000, 0x0000000086e00000, 0x00000000d5580000)
  object space 112640K, 30% used [0x0000000080000000,0x000000008213f0a0,0x0000000086e00000)
 Metaspace       used 51654K, capacity 52712K, committed 52864K, reserved 1095680K
  class space    used 7007K, capacity 7292K, committed 7296K, reserved 1048576K
GC Heap History (10 events):
Event: 8.108 GC heap before
{Heap before GC invocations=6 (full 1):
 PSYoungGen      total 96768K, used 96747K [0x00000000d5580000, 0x00000000de180000, 0x0000000100000000)
  eden space 91648K, 100% used [0x00000000d5580000,0x00000000daf00000,0x00000000daf00000)
  from space 5120K, 99% used [0x00000000ddc80000,0x00000000de17aef8,0x00000000de180000)
  to   space 5120K, 0% used [0x00000000dd780000,0x00000000dd780000,0x00000000ddc80000)
 ParOldGen       total 74240K, used 13520K [0x0000000080000000, 0x0000000084880000, 0x00000000d5580000)
  object space 74240K, 18% used [0x0000000080000000,0x0000000080d340e0,0x0000000084880000)
 Metaspace       used 30165K, capacity 30754K, committed 30848K, reserved 1075200K
  class space    used 4073K, capacity 4209K, committed 4224K, reserved 1048576K
Event: 8.152 GC heap after
Heap after GC invocations=6 (full 1):
 PSYoungGen      total 134656K, used 5108K [0x00000000d5580000, 0x00000000dec00000, 0x0000000100000000)
  eden space 129536K, 0% used [0x00000000d5580000,0x00000000d5580000,0x00000000dd400000)
  from space 5120K, 99% used [0x00000000dd780000,0x00000000ddc7d020,0x00000000ddc80000)
  to   space 12288K, 0% used [0x00000000de000000,0x00000000de000000,0x00000000dec00000)
 ParOldGen       total 74240K, used 16326K [0x0000000080000000, 0x0000000084880000, 0x00000000d5580000)
  object space 74240K, 21% used [0x0000000080000000,0x0000000080ff1920,0x0000000084880000)
 Metaspace       used 30165K, capacity 30754K, committed 30848K, reserved 1075200K
  class space    used 4073K, capacity 4209K, committed 4224K, reserved 1048576K
}
Event: 9.336 GC heap before
{Heap before GC invocations=7 (full 1):
 PSYoungGen      total 134656K, used 81392K [0x00000000d5580000, 0x00000000dec00000, 0x0000000100000000)
  eden space 129536K, 58% used [0x00000000d5580000,0x00000000d9fff060,0x00000000dd400000)
  from space 5120K, 99% used [0x00000000dd780000,0x00000000ddc7d020,0x00000000ddc80000)
  to   space 12288K, 0% used [0x00000000de000000,0x00000000de000000,0x00000000dec00000)
 ParOldGen       total 74240K, used 16326K [0x0000000080000000, 0x0000000084880000, 0x00000000d5580000)
  object space 74240K, 21% used [0x0000000080000000,0x0000000080ff1920,0x0000000084880000)
 Metaspace       used 34487K, capacity 35178K, committed 35456K, reserved 1079296K
  class space    used 4676K, capacity 4865K, committed 4992K, reserved 1048576K
Event: 9.364 GC heap after
Heap after GC invocations=7 (full 1):
 PSYoungGen      total 138752K, used 12256K [0x00000000d5580000, 0x00000000e2b00000, 0x0000000100000000)
  eden space 126464K, 0% used [0x00000000d5580000,0x00000000d5580000,0x00000000dd100000)
  from space 12288K, 99% used [0x00000000de000000,0x00000000debf8338,0x00000000dec00000)
  to   space 15360K, 0% used [0x00000000dd100000,0x00000000dd100000,0x00000000de000000)
 ParOldGen       total 74240K, used 17700K [0x0000000080000000, 0x0000000084880000, 0x00000000d5580000)
  object space 74240K, 23% used [0x0000000080000000,0x0000000081149218,0x0000000084880000)
 Metaspace       used 34487K, capacity 35178K, committed 35456K, reserved 1079296K
  class space    used 4676K, capacity 4865K, committed 4992K, reserved 1048576K
}
Event: 9.364 GC heap before
{Heap before GC invocations=8 (full 2):
 PSYoungGen      total 138752K, used 12256K [0x00000000d5580000, 0x00000000e2b00000, 0x0000000100000000)
  eden space 126464K, 0% used [0x00000000d5580000,0x00000000d5580000,0x00000000dd100000)
  from space 12288K, 99% used [0x00000000de000000,0x00000000debf8338,0x00000000dec00000)
  to   space 15360K, 0% used [0x00000000dd100000,0x00000000dd100000,0x00000000de000000)
 ParOldGen       total 74240K, used 17700K [0x0000000080000000, 0x0000000084880000, 0x00000000d5580000)
  object space 74240K, 23% used [0x0000000080000000,0x0000000081149218,0x0000000084880000)
 Metaspace       used 34487K, capacity 35178K, committed 35456K, reserved 1079296K
  class space    used 4676K, capacity 4865K, committed 4992K, reserved 1048576K
Event: 9.510 GC heap after
Heap after GC invocations=8 (full 2):
 PSYoungGen      total 138752K, used 0K [0x00000000d5580000, 0x00000000e2b00000, 0x0000000100000000)
  eden space 126464K, 0% used [0x00000000d5580000,0x00000000d5580000,0x00000000dd100000)
  from space 12288K, 0% used [0x00000000de000000,0x00000000de000000,0x00000000dec00000)
  to   space 15360K, 0% used [0x00000000dd100000,0x00000000dd100000,0x00000000de000000)
 ParOldGen       total 112640K, used 21118K [0x0000000080000000, 0x0000000086e00000, 0x00000000d5580000)
  object space 112640K, 18% used [0x0000000080000000,0x000000008149f8a0,0x0000000086e00000)
 Metaspace       used 34487K, capacity 35178K, committed 35456K, reserved 1079296K
  class space    used 4676K, capacity 4865K, committed 4992K, reserved 1048576K
}
Event: 11.911 GC heap before
{Heap before GC invocations=9 (full 2):
 PSYoungGen      total 138752K, used 126464K [0x00000000d5580000, 0x00000000e2b00000, 0x0000000100000000)
  eden space 126464K, 100% used [0x00000000d5580000,0x00000000dd100000,0x00000000dd100000)
  from space 12288K, 0% used [0x00000000de000000,0x00000000de000000,0x00000000dec00000)
  to   space 15360K, 0% used [0x00000000dd100000,0x00000000dd100000,0x00000000de000000)
 ParOldGen       total 112640K, used 21118K [0x0000000080000000, 0x0000000086e00000, 0x00000000d5580000)
  object space 112640K, 18% used [0x0000000080000000,0x000000008149f8a0,0x0000000086e00000)
 Metaspace       used 41331K, capacity 42206K, committed 42240K, reserved 1085440K
  class space    used 5702K, capacity 5886K, committed 5888K, reserved 1048576K
Event: 11.970 GC heap after
Heap after GC invocations=9 (full 2):
 PSYoungGen      total 141824K, used 13147K [0x00000000d5580000, 0x00000000e2700000, 0x0000000100000000)
  eden space 126464K, 0% used [0x00000000d5580000,0x00000000d5580000,0x00000000dd100000)
  from space 15360K, 85% used [0x00000000dd100000,0x00000000dddd6d58,0x00000000de000000)
  to   space 16384K, 0% used [0x00000000e1700000,0x00000000e1700000,0x00000000e2700000)
 ParOldGen       total 112640K, used 21126K [0x0000000080000000, 0x0000000086e00000, 0x00000000d5580000)
  object space 112640K, 18% used [0x0000000080000000,0x00000000814a18a0,0x0000000086e00000)
 Metaspace       used 41331K, capacity 42206K, committed 42240K, reserved 1085440K
  class space    used 5702K, capacity 5886K, committed 5888K, reserved 1048576K
}
Event: 16.733 GC heap before
{Heap before GC invocations=10 (full 2):
 PSYoungGen      total 141824K, used 139611K [0x00000000d5580000, 0x00000000e2700000, 0x0000000100000000)
  eden space 126464K, 100% used [0x00000000d5580000,0x00000000dd100000,0x00000000dd100000)
  from space 15360K, 85% used [0x00000000dd100000,0x00000000dddd6d58,0x00000000de000000)
  to   space 16384K, 0% used [0x00000000e1700000,0x00000000e1700000,0x00000000e2700000)
 ParOldGen       total 112640K, used 21126K [0x0000000080000000, 0x0000000086e00000, 0x00000000d5580000)
  object space 112640K, 18% used [0x0000000080000000,0x00000000814a18a0,0x0000000086e00000)
 Metaspace       used 48878K, capacity 49884K, committed 50048K, reserved 1091584K
  class space    used 6700K, capacity 6964K, committed 7040K, reserved 1048576K
Event: 16.812 GC heap after
Heap after GC invocations=10 (full 2):
 PSYoungGen      total 189952K, used 16375K [0x00000000d5580000, 0x00000000e3600000, 0x0000000100000000)
  eden space 173568K, 0% used [0x00000000d5580000,0x00000000d5580000,0x00000000dff00000)
  from space 16384K, 99% used [0x00000000e1700000,0x00000000e26fdda8,0x00000000e2700000)
  to   space 24576K, 0% used [0x00000000dff00000,0x00000000dff00000,0x00000000e1700000)
 ParOldGen       total 112640K, used 34044K [0x0000000080000000, 0x0000000086e00000, 0x00000000d5580000)
  object space 112640K, 30% used [0x0000000080000000,0x000000008213f0a0,0x0000000086e00000)
 Metaspace       used 48878K, capacity 49884K, committed 50048K, reserved 1091584K
  class space    used 6700K, capacity 6964K, committed 7040K, reserved 1048576K
}

