# JRE version: Java(TM) SE Runtime Environment (8.0_65-b17) (build 1.8.0_65-b17)
# Java VM: Java HotSpot(TM) 64-Bit Server VM (25.65-b01 mixed mode windows-amd64 compressed oops)
Heap:
 PSYoungGen      total 199680K, used 50767K [0x00000000d5580000, 0x00000000e3280000, 0x0000000100000000)
  eden space 183296K, 18% used [0x00000000d5580000,0x00000000d77186c8,0x00000000e0880000)
  from space 16384K, 99% used [0x00000000e1c80000,0x00000000e2c7b718,0x00000000e2c80000)
  to   space 20480K, 0% used [0x00000000e0880000,0x00000000e0880000,0x00000000e1c80000)
 ParOldGen       total 107008K, used 25383K [0x0000000080000000, 0x0000000086880000, 0x00000000d5580000)
  object space 107008K, 23% used [0x0000000080000000,0x00000000818c9c58,0x0000000086880000)
 Metaspace       used 47178K, capacity 48104K, committed 48256K, reserved 1091584K
  class space    used 6420K, capacity 6668K, committed 6784K, reserved 1048576K
GC Heap History (10 events):
Event: 7.870 GC heap before
{Heap before GC invocations=6 (full 1):
 PSYoungGen      total 97792K, used 97781K [0x00000000d5580000, 0x00000000de180000, 0x0000000100000000)
  eden space 92672K, 100% used [0x00000000d5580000,0x00000000db000000,0x00000000db000000)
  from space 5120K, 99% used [0x00000000ddc80000,0x00000000de17d790,0x00000000de180000)
  to   space 5120K, 0% used [0x00000000dd780000,0x00000000dd780000,0x00000000ddc80000)
 ParOldGen       total 73728K, used 13453K [0x0000000080000000, 0x0000000084800000, 0x00000000d5580000)
  object space 73728K, 18% used [0x0000000080000000,0x0000000080d23700,0x0000000084800000)
 Metaspace       used 30176K, capacity 30690K, committed 30848K, reserved 1075200K
  class space    used 4077K, capacity 4209K, committed 4224K, reserved 1048576K
Event: 7.922 GC heap after
Heap after GC invocations=6 (full 1):
 PSYoungGen      total 135168K, used 5092K [0x00000000d5580000, 0x00000000dec80000, 0x0000000100000000)
  eden space 130048K, 0% used [0x00000000d5580000,0x00000000d5580000,0x00000000dd480000)
  from space 5120K, 99% used [0x00000000dd780000,0x00000000ddc79030,0x00000000ddc80000)
  to   space 12288K, 0% used [0x00000000de080000,0x00000000de080000,0x00000000dec80000)
 ParOldGen       total 73728K, used 16328K [0x0000000080000000, 0x0000000084800000, 0x00000000d5580000)
  object space 73728K, 22% used [0x0000000080000000,0x0000000080ff2240,0x0000000084800000)
 Metaspace       used 30176K, capacity 30690K, committed 30848K, reserved 1075200K
  class space    used 4077K, capacity 4209K, committed 4224K, reserved 1048576K
}
Event: 9.233 GC heap before
{Heap before GC invocations=7 (full 1):
 PSYoungGen      total 135168K, used 81852K [0x00000000d5580000, 0x00000000dec80000, 0x0000000100000000)
  eden space 130048K, 59% used [0x00000000d5580000,0x00000000da0763c8,0x00000000dd480000)
  from space 5120K, 99% used [0x00000000dd780000,0x00000000ddc79030,0x00000000ddc80000)
  to   space 12288K, 0% used [0x00000000de080000,0x00000000de080000,0x00000000dec80000)
 ParOldGen       total 73728K, used 16328K [0x0000000080000000, 0x0000000084800000, 0x00000000d5580000)
  object space 73728K, 22% used [0x0000000080000000,0x0000000080ff2240,0x0000000084800000)
 Metaspace       used 34461K, capacity 35178K, committed 35456K, reserved 1079296K
  class space    used 4669K, capacity 4865K, committed 4992K, reserved 1048576K
Event: 9.357 GC heap after
Heap after GC invocations=7 (full 1):
 PSYoungGen      total 139264K, used 12269K [0x00000000d5580000, 0x00000000e3d00000, 0x0000000100000000)
  eden space 126976K, 0% used [0x00000000d5580000,0x00000000d5580000,0x00000000dd180000)
  from space 12288K, 99% used [0x00000000de080000,0x00000000dec7b4f8,0x00000000dec80000)
  to   space 15360K, 0% used [0x00000000dd180000,0x00000000dd180000,0x00000000de080000)
 ParOldGen       total 73728K, used 17736K [0x0000000080000000, 0x0000000084800000, 0x00000000d5580000)
  object space 73728K, 24% used [0x0000000080000000,0x00000000811520b0,0x0000000084800000)
 Metaspace       used 34461K, capacity 35178K, committed 35456K, reserved 1079296K
  class space    used 4669K, capacity 4865K, committed 4992K, reserved 1048576K
}
Event: 9.357 GC heap before
{Heap before GC invocations=8 (full 2):
 PSYoungGen      total 139264K, used 12269K [0x00000000d5580000, 0x00000000e3d00000, 0x0000000100000000)
  eden space 126976K, 0% used [0x00000000d5580000,0x00000000d5580000,0x00000000dd180000)
  from space 12288K, 99% used [0x00000000de080000,0x00000000dec7b4f8,0x00000000dec80000)
  to   space 15360K, 0% used [0x00000000dd180000,0x00000000dd180000,0x00000000de080000)
 ParOldGen       total 73728K, used 17736K [0x0000000080000000, 0x0000000084800000, 0x00000000d5580000)
  object space 73728K, 24% used [0x0000000080000000,0x00000000811520b0,0x0000000084800000)
 Metaspace       used 34461K, capacity 35178K, committed 35456K, reserved 1079296K
  class space    used 4669K, capacity 4865K, committed 4992K, reserved 1048576K
Event: 9.603 GC heap after
Heap after GC invocations=8 (full 2):
 PSYoungGen      total 139264K, used 0K [0x00000000d5580000, 0x00000000e3d00000, 0x0000000100000000)
  eden space 126976K, 0% used [0x00000000d5580000,0x00000000d5580000,0x00000000dd180000)
  from space 12288K, 0% used [0x00000000de080000,0x00000000de080000,0x00000000dec80000)
  to   space 15360K, 0% used [0x00000000dd180000,0x00000000dd180000,0x00000000de080000)
 ParOldGen       total 107008K, used 21181K [0x0000000080000000, 0x0000000086880000, 0x00000000d5580000)
  object space 107008K, 19% used [0x0000000080000000,0x00000000814af458,0x0000000086880000)
 Metaspace       used 34461K, capacity 35178K, committed 35456K, reserved 1079296K
  class space    used 4669K, capacity 4865K, committed 4992K, reserved 1048576K
}
Event: 12.491 GC heap before
{Heap before GC invocations=9 (full 2):
 PSYoungGen      total 139264K, used 126976K [0x00000000d5580000, 0x00000000e3d00000, 0x0000000100000000)
  eden space 126976K, 100% used [0x00000000d5580000,0x00000000dd180000,0x00000000dd180000)
  from space 12288K, 0% used [0x00000000de080000,0x00000000de080000,0x00000000dec80000)
  to   space 15360K, 0% used [0x00000000dd180000,0x00000000dd180000,0x00000000de080000)
 ParOldGen       total 107008K, used 21181K [0x0000000080000000, 0x0000000086880000, 0x00000000d5580000)
  object space 107008K, 19% used [0x0000000080000000,0x00000000814af458,0x0000000086880000)
 Metaspace       used 41339K, capacity 42142K, committed 42240K, reserved 1085440K
  class space    used 5706K, capacity 5886K, committed 5888K, reserved 1048576K
Event: 12.538 GC heap after
Heap after GC invocations=9 (full 2):
 PSYoungGen      total 142336K, used 13202K [0x00000000d5580000, 0x00000000e2c80000, 0x0000000100000000)
  eden space 126976K, 0% used [0x00000000d5580000,0x00000000d5580000,0x00000000dd180000)
  from space 15360K, 85% used [0x00000000dd180000,0x00000000dde649c8,0x00000000de080000)
  to   space 16384K, 0% used [0x00000000e1c80000,0x00000000e1c80000,0x00000000e2c80000)
 ParOldGen       total 107008K, used 21189K [0x0000000080000000, 0x0000000086880000, 0x00000000d5580000)
  object space 107008K, 19% used [0x0000000080000000,0x00000000814b1458,0x0000000086880000)
 Metaspace       used 41339K, capacity 42142K, committed 42240K, reserved 1085440K
  class space    used 5706K, capacity 5886K, committed 5888K, reserved 1048576K
}
Event: 15.083 GC heap before
{Heap before GC invocations=10 (full 2):
 PSYoungGen      total 142336K, used 140178K [0x00000000d5580000, 0x00000000e2c80000, 0x0000000100000000)
  eden space 126976K, 100% used [0x00000000d5580000,0x00000000dd180000,0x00000000dd180000)
  from space 15360K, 85% used [0x00000000dd180000,0x00000000dde649c8,0x00000000de080000)
  to   space 16384K, 0% used [0x00000000e1c80000,0x00000000e1c80000,0x00000000e2c80000)
 ParOldGen       total 107008K, used 21189K [0x0000000080000000, 0x0000000086880000, 0x00000000d5580000)
  object space 107008K, 19% used [0x0000000080000000,0x00000000814b1458,0x0000000086880000)
 Metaspace       used 46290K, capacity 47208K, committed 47360K, reserved 1089536K
  class space    used 6369K, capacity 6604K, committed 6656K, reserved 1048576K
Event: 15.141 GC heap after
Heap after GC invocations=10 (full 2):
 PSYoungGen      total 199680K, used 16365K [0x00000000d5580000, 0x00000000e3280000, 0x0000000100000000)
  eden space 183296K, 0% used [0x00000000d5580000,0x00000000d5580000,0x00000000e0880000)
  from space 16384K, 99% used [0x00000000e1c80000,0x00000000e2c7b718,0x00000000e2c80000)
  to   space 20480K, 0% used [0x00000000e0880000,0x00000000e0880000,0x00000000e1c80000)
 ParOldGen       total 107008K, used 25383K [0x0000000080000000, 0x0000000086880000, 0x00000000d5580000)
  object space 107008K, 23% used [0x0000000080000000,0x00000000818c9c58,0x0000000086880000)
 Metaspace       used 46290K, capacity 47208K, committed 47360K, reserved 1089536K
  class space    used 6369K, capacity 6604K, committed 6656K, reserved 1048576K
}

