# JRE version: Java(TM) SE Runtime Environment (8.0_65-b17) (build 1.8.0_65-b17)
# Java VM: Java HotSpot(TM) 64-Bit Server VM (25.65-b01 mixed mode windows-amd64 compressed oops)
Heap:
 PSYoungGen      total 481792K, used 105366K [0x00000000d5580000, 0x00000000f9b80000, 0x0000000100000000)
  eden space 455168K, 19% used [0x00000000d5580000,0x00000000dacb6cd0,0x00000000f1200000)
  from space 26624K, 60% used [0x00000000f2c00000,0x00000000f3baed18,0x00000000f4600000)
  to   space 26624K, 0% used [0x00000000f1200000,0x00000000f1200000,0x00000000f2c00000)
 ParOldGen       total 90624K, used 66572K [0x0000000080000000, 0x0000000085880000, 0x00000000d5580000)
  object space 90624K, 73% used [0x0000000080000000,0x0000000084103360,0x0000000085880000)
 Metaspace       used 66117K, capacity 69932K, committed 70016K, reserved 1110016K
  class space    used 8750K, capacity 9563K, committed 9600K, reserved 1048576K
GC Heap History (10 events):
Event: 414.256 GC heap before
{Heap before GC invocations=18 (full 4):
 PSYoungGen      total 394752K, used 345408K [0x00000000d5580000, 0x00000000f4400000, 0x0000000100000000)
  eden space 368128K, 91% used [0x00000000d5580000,0x00000000e9df13d0,0x00000000ebd00000)
  from space 26624K, 34% used [0x00000000ebd00000,0x00000000ec5def98,0x00000000ed700000)
  to   space 25600K, 0% used [0x00000000f2b00000,0x00000000f2b00000,0x00000000f4400000)
 ParOldGen       total 90624K, used 52339K [0x0000000080000000, 0x0000000085880000, 0x00000000d5580000)
  object space 90624K, 57% used [0x0000000080000000,0x000000008331ce28,0x0000000085880000)
 Metaspace       used 58819K, capacity 61922K, committed 62080K, reserved 1103872K
  class space    used 7893K, capacity 8548K, committed 8576K, reserved 1048576K
Event: 414.296 GC heap after
Heap after GC invocations=18 (full 4):
 PSYoungGen      total 479232K, used 19239K [0x00000000d5580000, 0x00000000f4700000, 0x0000000100000000)
  eden space 453632K, 0% used [0x00000000d5580000,0x00000000d5580000,0x00000000f1080000)
  from space 25600K, 75% used [0x00000000f2b00000,0x00000000f3dc9fe8,0x00000000f4400000)
  to   space 27136K, 0% used [0x00000000f1080000,0x00000000f1080000,0x00000000f2b00000)
 ParOldGen       total 90624K, used 52347K [0x0000000080000000, 0x0000000085880000, 0x00000000d5580000)
  object space 90624K, 57% used [0x0000000080000000,0x000000008331ee28,0x0000000085880000)
 Metaspace       used 58819K, capacity 61922K, committed 62080K, reserved 1103872K
  class space    used 7893K, capacity 8548K, committed 8576K, reserved 1048576K
}
Event: 414.296 GC heap before
{Heap before GC invocations=19 (full 5):
 PSYoungGen      total 479232K, used 19239K [0x00000000d5580000, 0x00000000f4700000, 0x0000000100000000)
  eden space 453632K, 0% used [0x00000000d5580000,0x00000000d5580000,0x00000000f1080000)
  from space 25600K, 75% used [0x00000000f2b00000,0x00000000f3dc9fe8,0x00000000f4400000)
  to   space 27136K, 0% used [0x00000000f1080000,0x00000000f1080000,0x00000000f2b00000)
 ParOldGen       total 90624K, used 52347K [0x0000000080000000, 0x0000000085880000, 0x00000000d5580000)
  object space 90624K, 57% used [0x0000000080000000,0x000000008331ee28,0x0000000085880000)
 Metaspace       used 58819K, capacity 61922K, committed 62080K, reserved 1103872K
  class space    used 7893K, capacity 8548K, committed 8576K, reserved 1048576K
Event: 415.121 GC heap after
Heap after GC invocations=19 (full 5):
 PSYoungGen      total 479232K, used 0K [0x00000000d5580000, 0x00000000f4700000, 0x0000000100000000)
  eden space 453632K, 0% used [0x00000000d5580000,0x00000000d5580000,0x00000000f1080000)
  from space 25600K, 0% used [0x00000000f2b00000,0x00000000f2b00000,0x00000000f4400000)
  to   space 27136K, 0% used [0x00000000f1080000,0x00000000f1080000,0x00000000f2b00000)
 ParOldGen       total 90624K, used 67349K [0x0000000080000000, 0x0000000085880000, 0x00000000d5580000)
  object space 90624K, 74% used [0x0000000080000000,0x00000000841c56e8,0x0000000085880000)
 Metaspace       used 58708K, capacity 61796K, committed 62080K, reserved 1103872K
  class space    used 7859K, capacity 8510K, committed 8576K, reserved 1048576K
}
Event: 626.645 GC heap before
{Heap before GC invocations=20 (full 5):
 PSYoungGen      total 479232K, used 233958K [0x00000000d5580000, 0x00000000f4700000, 0x0000000100000000)
  eden space 453632K, 51% used [0x00000000d5580000,0x00000000e39f9938,0x00000000f1080000)
  from space 25600K, 0% used [0x00000000f2b00000,0x00000000f2b00000,0x00000000f4400000)
  to   space 27136K, 0% used [0x00000000f1080000,0x00000000f1080000,0x00000000f2b00000)
 ParOldGen       total 90624K, used 67349K [0x0000000080000000, 0x0000000085880000, 0x00000000d5580000)
  object space 90624K, 74% used [0x0000000080000000,0x00000000841c56e8,0x0000000085880000)
 Metaspace       used 59306K, capacity 62808K, committed 62976K, reserved 1103872K
  class space    used 7938K, capacity 8627K, committed 8704K, reserved 1048576K
Event: 626.692 GC heap after
Heap after GC invocations=20 (full 5):
 PSYoungGen      total 480768K, used 7531K [0x00000000d5580000, 0x00000000f4600000, 0x0000000100000000)
  eden space 453632K, 0% used [0x00000000d5580000,0x00000000d5580000,0x00000000f1080000)
  from space 27136K, 27% used [0x00000000f1080000,0x00000000f17dada8,0x00000000f2b00000)
  to   space 26624K, 0% used [0x00000000f2c00000,0x00000000f2c00000,0x00000000f4600000)
 ParOldGen       total 90624K, used 67357K [0x0000000080000000, 0x0000000085880000, 0x00000000d5580000)
  object space 90624K, 74% used [0x0000000080000000,0x00000000841c76e8,0x0000000085880000)
 Metaspace       used 59306K, capacity 62808K, committed 62976K, reserved 1103872K
  class space    used 7938K, capacity 8627K, committed 8704K, reserved 1048576K
}
Event: 626.692 GC heap before
{Heap before GC invocations=21 (full 6):
 PSYoungGen      total 480768K, used 7531K [0x00000000d5580000, 0x00000000f4600000, 0x0000000100000000)
  eden space 453632K, 0% used [0x00000000d5580000,0x00000000d5580000,0x00000000f1080000)
  from space 27136K, 27% used [0x00000000f1080000,0x00000000f17dada8,0x00000000f2b00000)
  to   space 26624K, 0% used [0x00000000f2c00000,0x00000000f2c00000,0x00000000f4600000)
 ParOldGen       total 90624K, used 67357K [0x0000000080000000, 0x0000000085880000, 0x00000000d5580000)
  object space 90624K, 74% used [0x0000000080000000,0x00000000841c76e8,0x0000000085880000)
 Metaspace       used 59306K, capacity 62808K, committed 62976K, reserved 1103872K
  class space    used 7938K, capacity 8627K, committed 8704K, reserved 1048576K
Event: 627.268 GC heap after
Heap after GC invocations=21 (full 6):
 PSYoungGen      total 480768K, used 0K [0x00000000d5580000, 0x00000000f4600000, 0x0000000100000000)
  eden space 453632K, 0% used [0x00000000d5580000,0x00000000d5580000,0x00000000f1080000)
  from space 27136K, 0% used [0x00000000f1080000,0x00000000f1080000,0x00000000f2b00000)
  to   space 26624K, 0% used [0x00000000f2c00000,0x00000000f2c00000,0x00000000f4600000)
 ParOldGen       total 90624K, used 66564K [0x0000000080000000, 0x0000000085880000, 0x00000000d5580000)
  object space 90624K, 73% used [0x0000000080000000,0x0000000084101360,0x0000000085880000)
 Metaspace       used 59263K, capacity 62698K, committed 62976K, reserved 1103872K
  class space    used 7926K, capacity 8613K, committed 8704K, reserved 1048576K
}
Event: 907.492 GC heap before
{Heap before GC invocations=22 (full 6):
 PSYoungGen      total 480768K, used 453632K [0x00000000d5580000, 0x00000000f4600000, 0x0000000100000000)
  eden space 453632K, 100% used [0x00000000d5580000,0x00000000f1080000,0x00000000f1080000)
  from space 27136K, 0% used [0x00000000f1080000,0x00000000f1080000,0x00000000f2b00000)
  to   space 26624K, 0% used [0x00000000f2c00000,0x00000000f2c00000,0x00000000f4600000)
 ParOldGen       total 90624K, used 66564K [0x0000000080000000, 0x0000000085880000, 0x00000000d5580000)
  object space 90624K, 73% used [0x0000000080000000,0x0000000084101360,0x0000000085880000)
 Metaspace       used 61380K, capacity 65152K, committed 65280K, reserved 1105920K
  class space    used 8177K, capacity 8947K, committed 8960K, reserved 1048576K
Event: 907.537 GC heap after
Heap after GC invocations=22 (full 6):
 PSYoungGen      total 481792K, used 16059K [0x00000000d5580000, 0x00000000f9b80000, 0x0000000100000000)
  eden space 455168K, 0% used [0x00000000d5580000,0x00000000d5580000,0x00000000f1200000)
  from space 26624K, 60% used [0x00000000f2c00000,0x00000000f3baed18,0x00000000f4600000)
  to   space 26624K, 0% used [0x00000000f1200000,0x00000000f1200000,0x00000000f2c00000)
 ParOldGen       total 90624K, used 66572K [0x0000000080000000, 0x0000000085880000, 0x00000000d5580000)
  object space 90624K, 73% used [0x0000000080000000,0x0000000084103360,0x0000000085880000)
 Metaspace       used 61380K, capacity 65152K, committed 65280K, reserved 1105920K
  class space    used 8177K, capacity 8947K, committed 8960K, reserved 1048576K
}

