# JRE version: Java(TM) SE Runtime Environment (8.0_65-b17) (build 1.8.0_65-b17)
# Java VM: Java HotSpot(TM) 64-Bit Server VM (25.65-b01 mixed mode windows-amd64 compressed oops)
Heap:
 PSYoungGen      total 530944K, used 211648K [0x00000000d5580000, 0x00000000ffc80000, 0x0000000100000000)
  eden space 467456K, 31% used [0x00000000d5580000,0x00000000de68fc68,0x00000000f1e00000)
  from space 63488K, 99% used [0x00000000f1e00000,0x00000000f5ba05a8,0x00000000f5c00000)
  to   space 113664K, 0% used [0x00000000f8d80000,0x00000000f8d80000,0x00000000ffc80000)
 ParOldGen       total 419840K, used 261786K [0x0000000080000000, 0x0000000099a00000, 0x00000000d5580000)
  object space 419840K, 62% used [0x0000000080000000,0x000000008ffa69f0,0x0000000099a00000)
 Metaspace       used 65455K, capacity 67716K, committed 67968K, reserved 1107968K
  class space    used 8465K, capacity 9012K, committed 9088K, reserved 1048576K
GC Heap History (10 events):
Event: 238.250 GC heap before
{Heap before GC invocations=33 (full 7):
 PSYoungGen      total 567808K, used 502642K [0x00000000d5580000, 0x00000000ff880000, 0x0000000100000000)
  eden space 450048K, 100% used [0x00000000d5580000,0x00000000f0d00000,0x00000000f0d00000)
  from space 117760K, 44% used [0x00000000f0d00000,0x00000000f405cba0,0x00000000f8000000)
  to   space 113664K, 0% used [0x00000000f8980000,0x00000000f8980000,0x00000000ff880000)
 ParOldGen       total 258048K, used 120227K [0x0000000080000000, 0x000000008fc00000, 0x00000000d5580000)
  object space 258048K, 46% used [0x0000000080000000,0x0000000087568fe8,0x000000008fc00000)
 Metaspace       used 65565K, capacity 67824K, committed 67968K, reserved 1107968K
  class space    used 8484K, capacity 9052K, committed 9088K, reserved 1048576K
Event: 238.471 GC heap after
Heap after GC invocations=33 (full 7):
 PSYoungGen      total 577536K, used 63412K [0x00000000d5580000, 0x00000000ffc00000, 0x0000000100000000)
  eden space 463872K, 0% used [0x00000000d5580000,0x00000000d5580000,0x00000000f1a80000)
  from space 113664K, 55% used [0x00000000f8980000,0x00000000fc76d2a0,0x00000000ff880000)
  to   space 113664K, 0% used [0x00000000f1a80000,0x00000000f1a80000,0x00000000f8980000)
 ParOldGen       total 258048K, used 150011K [0x0000000080000000, 0x000000008fc00000, 0x00000000d5580000)
  object space 258048K, 58% used [0x0000000080000000,0x000000008927ed30,0x000000008fc00000)
 Metaspace       used 65565K, capacity 67824K, committed 67968K, reserved 1107968K
  class space    used 8484K, capacity 9052K, committed 9088K, reserved 1048576K
}
Event: 239.806 GC heap before
{Heap before GC invocations=34 (full 7):
 PSYoungGen      total 577536K, used 527284K [0x00000000d5580000, 0x00000000ffc00000, 0x0000000100000000)
  eden space 463872K, 100% used [0x00000000d5580000,0x00000000f1a80000,0x00000000f1a80000)
  from space 113664K, 55% used [0x00000000f8980000,0x00000000fc76d2a0,0x00000000ff880000)
  to   space 113664K, 0% used [0x00000000f1a80000,0x00000000f1a80000,0x00000000f8980000)
 ParOldGen       total 258048K, used 150011K [0x0000000080000000, 0x000000008fc00000, 0x00000000d5580000)
  object space 258048K, 58% used [0x0000000080000000,0x000000008927ed30,0x000000008fc00000)
 Metaspace       used 65571K, capacity 67888K, committed 67968K, reserved 1107968K
  class space    used 8484K, capacity 9052K, committed 9088K, reserved 1048576K
Event: 240.085 GC heap after
Heap after GC invocations=34 (full 7):
 PSYoungGen      total 577536K, used 69164K [0x00000000d5580000, 0x0000000100000000, 0x0000000100000000)
  eden space 463872K, 0% used [0x00000000d5580000,0x00000000d5580000,0x00000000f1a80000)
  from space 113664K, 60% used [0x00000000f1a80000,0x00000000f5e0b0e8,0x00000000f8980000)
  to   space 115200K, 0% used [0x00000000f8f80000,0x00000000f8f80000,0x0000000100000000)
 ParOldGen       total 258048K, used 208933K [0x0000000080000000, 0x000000008fc00000, 0x00000000d5580000)
  object space 258048K, 80% used [0x0000000080000000,0x000000008cc09718,0x000000008fc00000)
 Metaspace       used 65571K, capacity 67888K, committed 67968K, reserved 1107968K
  class space    used 8484K, capacity 9052K, committed 9088K, reserved 1048576K
}
Event: 240.085 GC heap before
{Heap before GC invocations=35 (full 8):
 PSYoungGen      total 577536K, used 69164K [0x00000000d5580000, 0x0000000100000000, 0x0000000100000000)
  eden space 463872K, 0% used [0x00000000d5580000,0x00000000d5580000,0x00000000f1a80000)
  from space 113664K, 60% used [0x00000000f1a80000,0x00000000f5e0b0e8,0x00000000f8980000)
  to   space 115200K, 0% used [0x00000000f8f80000,0x00000000f8f80000,0x0000000100000000)
 ParOldGen       total 258048K, used 208933K [0x0000000080000000, 0x000000008fc00000, 0x00000000d5580000)
  object space 258048K, 80% used [0x0000000080000000,0x000000008cc09718,0x000000008fc00000)
 Metaspace       used 65571K, capacity 67888K, committed 67968K, reserved 1107968K
  class space    used 8484K, capacity 9052K, committed 9088K, reserved 1048576K
Event: 241.215 GC heap after
Heap after GC invocations=35 (full 8):
 PSYoungGen      total 577536K, used 0K [0x00000000d5580000, 0x0000000100000000, 0x0000000100000000)
  eden space 463872K, 0% used [0x00000000d5580000,0x00000000d5580000,0x00000000f1a80000)
  from space 113664K, 0% used [0x00000000f1a80000,0x00000000f1a80000,0x00000000f8980000)
  to   space 115200K, 0% used [0x00000000f8f80000,0x00000000f8f80000,0x0000000100000000)
 ParOldGen       total 419840K, used 197540K [0x0000000080000000, 0x0000000099a00000, 0x00000000d5580000)
  object space 419840K, 47% used [0x0000000080000000,0x000000008c0e9078,0x0000000099a00000)
 Metaspace       used 65451K, capacity 67716K, committed 67968K, reserved 1107968K
  class space    used 8465K, capacity 9012K, committed 9088K, reserved 1048576K
}
Event: 242.514 GC heap before
{Heap before GC invocations=36 (full 8):
 PSYoungGen      total 577536K, used 463872K [0x00000000d5580000, 0x0000000100000000, 0x0000000100000000)
  eden space 463872K, 100% used [0x00000000d5580000,0x00000000f1a80000,0x00000000f1a80000)
  from space 113664K, 0% used [0x00000000f1a80000,0x00000000f1a80000,0x00000000f8980000)
  to   space 115200K, 0% used [0x00000000f8f80000,0x00000000f8f80000,0x0000000100000000)
 ParOldGen       total 419840K, used 198121K [0x0000000080000000, 0x0000000099a00000, 0x00000000d5580000)
  object space 419840K, 47% used [0x0000000080000000,0x000000008c17a578,0x0000000099a00000)
 Metaspace       used 65452K, capacity 67716K, committed 67968K, reserved 1107968K
  class space    used 8465K, capacity 9012K, committed 9088K, reserved 1048576K
Event: 242.671 GC heap after
Heap after GC invocations=36 (full 8):
 PSYoungGen      total 582656K, used 68627K [0x00000000d5580000, 0x0000000100000000, 0x0000000100000000)
  eden space 467456K, 0% used [0x00000000d5580000,0x00000000d5580000,0x00000000f1e00000)
  from space 115200K, 59% used [0x00000000f8f80000,0x00000000fd284c30,0x0000000100000000)
  to   space 115712K, 0% used [0x00000000f1e00000,0x00000000f1e00000,0x00000000f8f00000)
 ParOldGen       total 419840K, used 198121K [0x0000000080000000, 0x0000000099a00000, 0x00000000d5580000)
  object space 419840K, 47% used [0x0000000080000000,0x000000008c17a578,0x0000000099a00000)
 Metaspace       used 65452K, capacity 67716K, committed 67968K, reserved 1107968K
  class space    used 8465K, capacity 9012K, committed 9088K, reserved 1048576K
}
Event: 244.136 GC heap before
{Heap before GC invocations=37 (full 8):
 PSYoungGen      total 582656K, used 536083K [0x00000000d5580000, 0x0000000100000000, 0x0000000100000000)
  eden space 467456K, 100% used [0x00000000d5580000,0x00000000f1e00000,0x00000000f1e00000)
  from space 115200K, 59% used [0x00000000f8f80000,0x00000000fd284c30,0x0000000100000000)
  to   space 115712K, 0% used [0x00000000f1e00000,0x00000000f1e00000,0x00000000f8f00000)
 ParOldGen       total 419840K, used 198123K [0x0000000080000000, 0x0000000099a00000, 0x00000000d5580000)
  object space 419840K, 47% used [0x0000000080000000,0x000000008c17ac30,0x0000000099a00000)
 Metaspace       used 65454K, capacity 67716K, committed 67968K, reserved 1107968K
  class space    used 8465K, capacity 9012K, committed 9088K, reserved 1048576K
Event: 244.516 GC heap after
Heap after GC invocations=37 (full 8):
 PSYoungGen      total 530944K, used 63105K [0x00000000d5580000, 0x00000000ffc80000, 0x0000000100000000)
  eden space 467456K, 0% used [0x00000000d5580000,0x00000000d5580000,0x00000000f1e00000)
  from space 63488K, 99% used [0x00000000f1e00000,0x00000000f5ba05a8,0x00000000f5c00000)
  to   space 113664K, 0% used [0x00000000f8d80000,0x00000000f8d80000,0x00000000ffc80000)
 ParOldGen       total 419840K, used 261786K [0x0000000080000000, 0x0000000099a00000, 0x00000000d5580000)
  object space 419840K, 62% used [0x0000000080000000,0x000000008ffa69f0,0x0000000099a00000)
 Metaspace       used 65454K, capacity 67716K, committed 67968K, reserved 1107968K
  class space    used 8465K, capacity 9012K, committed 9088K, reserved 1048576K
}

