# JRE version: Java(TM) SE Runtime Environment (8.0_65-b17) (build 1.8.0_65-b17)
# Java VM: Java HotSpot(TM) 64-Bit Server VM (25.65-b01 mixed mode windows-amd64 compressed oops)
Heap:
 PSYoungGen      total 514560K, used 330589K [0x00000000d5580000, 0x0000000100000000, 0x0000000100000000)
  eden space 432640K, 76% used [0x00000000d5580000,0x00000000e98575e8,0x00000000efc00000)
  from space 81920K, 0% used [0x00000000fb000000,0x00000000fb000000,0x0000000100000000)
  to   space 133120K, 0% used [0x00000000efc00000,0x00000000efc00000,0x00000000f7e00000)
 ParOldGen       total 419840K, used 260660K [0x0000000080000000, 0x0000000099a00000, 0x00000000d5580000)
  object space 419840K, 62% used [0x0000000080000000,0x000000008fe8d198,0x0000000099a00000)
 Metaspace       used 54080K, capacity 55164K, committed 55424K, reserved 1097728K
  class space    used 7153K, capacity 7444K, committed 7552K, reserved 1048576K
GC Heap History (10 events):
Event: 27.432 GC heap before
{Heap before GC invocations=19 (full 3):
 PSYoungGen      total 468480K, used 463944K [0x00000000d5580000, 0x0000000100000000, 0x0000000100000000)
  eden space 419328K, 100% used [0x00000000d5580000,0x00000000eef00000,0x00000000eef00000)
  from space 49152K, 90% used [0x00000000eef00000,0x00000000f1a923b8,0x00000000f1f00000)
  to   space 55296K, 0% used [0x00000000fca00000,0x00000000fca00000,0x0000000100000000)
 ParOldGen       total 177664K, used 134127K [0x0000000080000000, 0x000000008ad80000, 0x00000000d5580000)
  object space 177664K, 75% used [0x0000000080000000,0x00000000882fbfc0,0x000000008ad80000)
 Metaspace       used 54033K, capacity 55100K, committed 55424K, reserved 1097728K
  class space    used 7153K, capacity 7444K, committed 7552K, reserved 1048576K
Event: 27.752 GC heap after
Heap after GC invocations=19 (full 3):
 PSYoungGen      total 590336K, used 55273K [0x00000000d5580000, 0x0000000100000000, 0x0000000100000000)
  eden space 535040K, 0% used [0x00000000d5580000,0x00000000d5580000,0x00000000f6000000)
  from space 55296K, 99% used [0x00000000fca00000,0x00000000ffffa460,0x0000000100000000)
  to   space 81920K, 0% used [0x00000000f6000000,0x00000000f6000000,0x00000000fb000000)
 ParOldGen       total 182272K, used 181983K [0x0000000080000000, 0x000000008b200000, 0x00000000d5580000)
  object space 182272K, 99% used [0x0000000080000000,0x000000008b1b7dc0,0x000000008b200000)
 Metaspace       used 54033K, capacity 55100K, committed 55424K, reserved 1097728K
  class space    used 7153K, capacity 7444K, committed 7552K, reserved 1048576K
}
Event: 27.752 GC heap before
{Heap before GC invocations=20 (full 4):
 PSYoungGen      total 590336K, used 55273K [0x00000000d5580000, 0x0000000100000000, 0x0000000100000000)
  eden space 535040K, 0% used [0x00000000d5580000,0x00000000d5580000,0x00000000f6000000)
  from space 55296K, 99% used [0x00000000fca00000,0x00000000ffffa460,0x0000000100000000)
  to   space 81920K, 0% used [0x00000000f6000000,0x00000000f6000000,0x00000000fb000000)
 ParOldGen       total 182272K, used 181983K [0x0000000080000000, 0x000000008b200000, 0x00000000d5580000)
  object space 182272K, 99% used [0x0000000080000000,0x000000008b1b7dc0,0x000000008b200000)
 Metaspace       used 54033K, capacity 55100K, committed 55424K, reserved 1097728K
  class space    used 7153K, capacity 7444K, committed 7552K, reserved 1048576K
Event: 28.939 GC heap after
Heap after GC invocations=20 (full 4):
 PSYoungGen      total 590336K, used 0K [0x00000000d5580000, 0x0000000100000000, 0x0000000100000000)
  eden space 535040K, 0% used [0x00000000d5580000,0x00000000d5580000,0x00000000f6000000)
  from space 55296K, 0% used [0x00000000fca00000,0x00000000fca00000,0x0000000100000000)
  to   space 81920K, 0% used [0x00000000f6000000,0x00000000f6000000,0x00000000fb000000)
 ParOldGen       total 270336K, used 142800K [0x0000000080000000, 0x0000000090800000, 0x00000000d5580000)
  object space 270336K, 52% used [0x0000000080000000,0x0000000088b74360,0x0000000090800000)
 Metaspace       used 54033K, capacity 55100K, committed 55424K, reserved 1097728K
  class space    used 7153K, capacity 7444K, committed 7552K, reserved 1048576K
}
Event: 31.092 GC heap before
{Heap before GC invocations=21 (full 4):
 PSYoungGen      total 590336K, used 535040K [0x00000000d5580000, 0x0000000100000000, 0x0000000100000000)
  eden space 535040K, 100% used [0x00000000d5580000,0x00000000f6000000,0x00000000f6000000)
  from space 55296K, 0% used [0x00000000fca00000,0x00000000fca00000,0x0000000100000000)
  to   space 81920K, 0% used [0x00000000f6000000,0x00000000f6000000,0x00000000fb000000)
 ParOldGen       total 270336K, used 142800K [0x0000000080000000, 0x0000000090800000, 0x00000000d5580000)
  object space 270336K, 52% used [0x0000000080000000,0x0000000088b74360,0x0000000090800000)
 Metaspace       used 54045K, capacity 55164K, committed 55424K, reserved 1097728K
  class space    used 7153K, capacity 7444K, committed 7552K, reserved 1048576K
Event: 31.469 GC heap after
Heap after GC invocations=21 (full 4):
 PSYoungGen      total 616960K, used 81907K [0x00000000d5580000, 0x0000000100000000, 0x0000000100000000)
  eden space 535040K, 0% used [0x00000000d5580000,0x00000000d5580000,0x00000000f6000000)
  from space 81920K, 99% used [0x00000000f6000000,0x00000000faffcd10,0x00000000fb000000)
  to   space 81920K, 0% used [0x00000000fb000000,0x00000000fb000000,0x0000000100000000)
 ParOldGen       total 270336K, used 148971K [0x0000000080000000, 0x0000000090800000, 0x00000000d5580000)
  object space 270336K, 55% used [0x0000000080000000,0x000000008917ac38,0x0000000090800000)
 Metaspace       used 54045K, capacity 55164K, committed 55424K, reserved 1097728K
  class space    used 7153K, capacity 7444K, committed 7552K, reserved 1048576K
}
Event: 33.516 GC heap before
{Heap before GC invocations=22 (full 4):
 PSYoungGen      total 616960K, used 616947K [0x00000000d5580000, 0x0000000100000000, 0x0000000100000000)
  eden space 535040K, 100% used [0x00000000d5580000,0x00000000f6000000,0x00000000f6000000)
  from space 81920K, 99% used [0x00000000f6000000,0x00000000faffcd10,0x00000000fb000000)
  to   space 81920K, 0% used [0x00000000fb000000,0x00000000fb000000,0x0000000100000000)
 ParOldGen       total 270336K, used 148971K [0x0000000080000000, 0x0000000090800000, 0x00000000d5580000)
  object space 270336K, 55% used [0x0000000080000000,0x000000008917ac38,0x0000000090800000)
 Metaspace       used 54055K, capacity 55164K, committed 55424K, reserved 1097728K
  class space    used 7153K, capacity 7444K, committed 7552K, reserved 1048576K
Event: 34.182 GC heap after
Heap after GC invocations=22 (full 4):
 PSYoungGen      total 514560K, used 81903K [0x00000000d5580000, 0x0000000100000000, 0x0000000100000000)
  eden space 432640K, 0% used [0x00000000d5580000,0x00000000d5580000,0x00000000efc00000)
  from space 81920K, 99% used [0x00000000fb000000,0x00000000ffffbd10,0x0000000100000000)
  to   space 133120K, 0% used [0x00000000efc00000,0x00000000efc00000,0x00000000f7e00000)
 ParOldGen       total 270336K, used 215839K [0x0000000080000000, 0x0000000090800000, 0x00000000d5580000)
  object space 270336K, 79% used [0x0000000080000000,0x000000008d2c7f98,0x0000000090800000)
 Metaspace       used 54055K, capacity 55164K, committed 55424K, reserved 1097728K
  class space    used 7153K, capacity 7444K, committed 7552K, reserved 1048576K
}
Event: 34.182 GC heap before
{Heap before GC invocations=23 (full 5):
 PSYoungGen      total 514560K, used 81903K [0x00000000d5580000, 0x0000000100000000, 0x0000000100000000)
  eden space 432640K, 0% used [0x00000000d5580000,0x00000000d5580000,0x00000000efc00000)
  from space 81920K, 99% used [0x00000000fb000000,0x00000000ffffbd10,0x0000000100000000)
  to   space 133120K, 0% used [0x00000000efc00000,0x00000000efc00000,0x00000000f7e00000)
 ParOldGen       total 270336K, used 215839K [0x0000000080000000, 0x0000000090800000, 0x00000000d5580000)
  object space 270336K, 79% used [0x0000000080000000,0x000000008d2c7f98,0x0000000090800000)
 Metaspace       used 54055K, capacity 55164K, committed 55424K, reserved 1097728K
  class space    used 7153K, capacity 7444K, committed 7552K, reserved 1048576K
Event: 36.114 GC heap after
Heap after GC invocations=23 (full 5):
 PSYoungGen      total 514560K, used 0K [0x00000000d5580000, 0x0000000100000000, 0x0000000100000000)
  eden space 432640K, 0% used [0x00000000d5580000,0x00000000d5580000,0x00000000efc00000)
  from space 81920K, 0% used [0x00000000fb000000,0x00000000fb000000,0x0000000100000000)
  to   space 133120K, 0% used [0x00000000efc00000,0x00000000efc00000,0x00000000f7e00000)
 ParOldGen       total 419840K, used 260660K [0x0000000080000000, 0x0000000099a00000, 0x00000000d5580000)
  object space 419840K, 62% used [0x0000000080000000,0x000000008fe8d198,0x0000000099a00000)
 Metaspace       used 54055K, capacity 55164K, committed 55424K, reserved 1097728K
  class space    used 7153K, capacity 7444K, committed 7552K, reserved 1048576K
}

