# JRE version: Java(TM) SE Runtime Environment (8.0_65-b17) (build 1.8.0_65-b17)
# Java VM: Java HotSpot(TM) 64-Bit Server VM (25.65-b01 mixed mode windows-amd64 compressed oops)
Heap:
 PSYoungGen      total 209920K, used 196743K [0x00000000d5580000, 0x00000000e8f00000, 0x0000000100000000)
  eden space 187392K, 92% used [0x00000000d5580000,0x00000000dffa70b0,0x00000000e0c80000)
  from space 22528K, 99% used [0x00000000e0c80000,0x00000000e227ae78,0x00000000e2280000)
  to   space 40960K, 0% used [0x00000000e6700000,0x00000000e6700000,0x00000000e8f00000)
 ParOldGen       total 106496K, used 64402K [0x0000000080000000, 0x0000000086800000, 0x00000000d5580000)
  object space 106496K, 60% used [0x0000000080000000,0x0000000083ee4a68,0x0000000086800000)
 Metaspace       used 56038K, capacity 57038K, committed 57216K, reserved 1099776K
  class space    used 7424K, capacity 7709K, committed 7808K, reserved 1048576K
GC Heap History (10 events):
Event: 11.473 GC heap before
{Heap before GC invocations=7 (full 1):
 PSYoungGen      total 138240K, used 79064K [0x00000000d5580000, 0x00000000df280000, 0x0000000100000000)
  eden space 133120K, 55% used [0x00000000d5580000,0x00000000d9dbe108,0x00000000dd780000)
  from space 5120K, 99% used [0x00000000dd780000,0x00000000ddc78010,0x00000000ddc80000)
  to   space 12288K, 0% used [0x00000000de680000,0x00000000de680000,0x00000000df280000)
 ParOldGen       total 71680K, used 16307K [0x0000000080000000, 0x0000000084600000, 0x00000000d5580000)
  object space 71680K, 22% used [0x0000000080000000,0x0000000080fecc58,0x0000000084600000)
 Metaspace       used 34656K, capacity 35300K, committed 35456K, reserved 1079296K
  class space    used 4713K, capacity 4928K, committed 4992K, reserved 1048576K
Event: 11.527 GC heap after
Heap after GC invocations=7 (full 1):
 PSYoungGen      total 145408K, used 12287K [0x00000000d5580000, 0x00000000e3580000, 0x0000000100000000)
  eden space 133120K, 0% used [0x00000000d5580000,0x00000000d5580000,0x00000000dd780000)
  from space 12288K, 99% used [0x00000000de680000,0x00000000df27fcf8,0x00000000df280000)
  to   space 15360K, 0% used [0x00000000dd780000,0x00000000dd780000,0x00000000de680000)
 ParOldGen       total 71680K, used 17743K [0x0000000080000000, 0x0000000084600000, 0x00000000d5580000)
  object space 71680K, 24% used [0x0000000080000000,0x0000000081153ce0,0x0000000084600000)
 Metaspace       used 34656K, capacity 35300K, committed 35456K, reserved 1079296K
  class space    used 4713K, capacity 4928K, committed 4992K, reserved 1048576K
}
Event: 11.527 GC heap before
{Heap before GC invocations=8 (full 2):
 PSYoungGen      total 145408K, used 12287K [0x00000000d5580000, 0x00000000e3580000, 0x0000000100000000)
  eden space 133120K, 0% used [0x00000000d5580000,0x00000000d5580000,0x00000000dd780000)
  from space 12288K, 99% used [0x00000000de680000,0x00000000df27fcf8,0x00000000df280000)
  to   space 15360K, 0% used [0x00000000dd780000,0x00000000dd780000,0x00000000de680000)
 ParOldGen       total 71680K, used 17743K [0x0000000080000000, 0x0000000084600000, 0x00000000d5580000)
  object space 71680K, 24% used [0x0000000080000000,0x0000000081153ce0,0x0000000084600000)
 Metaspace       used 34656K, capacity 35300K, committed 35456K, reserved 1079296K
  class space    used 4713K, capacity 4928K, committed 4992K, reserved 1048576K
Event: 11.722 GC heap after
Heap after GC invocations=8 (full 2):
 PSYoungGen      total 145408K, used 0K [0x00000000d5580000, 0x00000000e3580000, 0x0000000100000000)
  eden space 133120K, 0% used [0x00000000d5580000,0x00000000d5580000,0x00000000dd780000)
  from space 12288K, 0% used [0x00000000de680000,0x00000000de680000,0x00000000df280000)
  to   space 15360K, 0% used [0x00000000dd780000,0x00000000dd780000,0x00000000de680000)
 ParOldGen       total 106496K, used 21146K [0x0000000080000000, 0x0000000086800000, 0x00000000d5580000)
  object space 106496K, 19% used [0x0000000080000000,0x00000000814a6bf8,0x0000000086800000)
 Metaspace       used 34656K, capacity 35300K, committed 35456K, reserved 1079296K
  class space    used 4713K, capacity 4928K, committed 4992K, reserved 1048576K
}
Event: 14.924 GC heap before
{Heap before GC invocations=9 (full 2):
 PSYoungGen      total 145408K, used 133120K [0x00000000d5580000, 0x00000000e3580000, 0x0000000100000000)
  eden space 133120K, 100% used [0x00000000d5580000,0x00000000dd780000,0x00000000dd780000)
  from space 12288K, 0% used [0x00000000de680000,0x00000000de680000,0x00000000df280000)
  to   space 15360K, 0% used [0x00000000dd780000,0x00000000dd780000,0x00000000de680000)
 ParOldGen       total 106496K, used 21146K [0x0000000080000000, 0x0000000086800000, 0x00000000d5580000)
  object space 106496K, 19% used [0x0000000080000000,0x00000000814a6bf8,0x0000000086800000)
 Metaspace       used 41655K, capacity 42454K, committed 42624K, reserved 1085440K
  class space    used 5748K, capacity 5987K, committed 6016K, reserved 1048576K
Event: 14.981 GC heap after
Heap after GC invocations=9 (full 2):
 PSYoungGen      total 148480K, used 14306K [0x00000000d5580000, 0x00000000e3380000, 0x0000000100000000)
  eden space 133120K, 0% used [0x00000000d5580000,0x00000000d5580000,0x00000000dd780000)
  from space 15360K, 93% used [0x00000000dd780000,0x00000000de5788d0,0x00000000de680000)
  to   space 17408K, 0% used [0x00000000e2280000,0x00000000e2280000,0x00000000e3380000)
 ParOldGen       total 106496K, used 21154K [0x0000000080000000, 0x0000000086800000, 0x00000000d5580000)
  object space 106496K, 19% used [0x0000000080000000,0x00000000814a8bf8,0x0000000086800000)
 Metaspace       used 41655K, capacity 42454K, committed 42624K, reserved 1085440K
  class space    used 5748K, capacity 5987K, committed 6016K, reserved 1048576K
}
Event: 20.687 GC heap before
{Heap before GC invocations=10 (full 2):
 PSYoungGen      total 148480K, used 147426K [0x00000000d5580000, 0x00000000e3380000, 0x0000000100000000)
  eden space 133120K, 100% used [0x00000000d5580000,0x00000000dd780000,0x00000000dd780000)
  from space 15360K, 93% used [0x00000000dd780000,0x00000000de5788d0,0x00000000de680000)
  to   space 17408K, 0% used [0x00000000e2280000,0x00000000e2280000,0x00000000e3380000)
 ParOldGen       total 106496K, used 21154K [0x0000000080000000, 0x0000000086800000, 0x00000000d5580000)
  object space 106496K, 19% used [0x0000000080000000,0x00000000814a8bf8,0x0000000086800000)
 Metaspace       used 50031K, capacity 50998K, committed 51328K, reserved 1093632K
  class space    used 6875K, capacity 7187K, committed 7296K, reserved 1048576K
Event: 20.758 GC heap after
Heap after GC invocations=10 (full 2):
 PSYoungGen      total 204800K, used 17382K [0x00000000d5580000, 0x00000000e3b00000, 0x0000000100000000)
  eden space 187392K, 0% used [0x00000000d5580000,0x00000000d5580000,0x00000000e0c80000)
  from space 17408K, 99% used [0x00000000e2280000,0x00000000e3379980,0x00000000e3380000)
  to   space 22528K, 0% used [0x00000000e0c80000,0x00000000e0c80000,0x00000000e2280000)
 ParOldGen       total 106496K, used 27031K [0x0000000080000000, 0x0000000086800000, 0x00000000d5580000)
  object space 106496K, 25% used [0x0000000080000000,0x0000000081a65d90,0x0000000086800000)
 Metaspace       used 50031K, capacity 50998K, committed 51328K, reserved 1093632K
  class space    used 6875K, capacity 7187K, committed 7296K, reserved 1048576K
}
Event: 25.322 GC heap before
{Heap before GC invocations=11 (full 2):
 PSYoungGen      total 204800K, used 204774K [0x00000000d5580000, 0x00000000e3b00000, 0x0000000100000000)
  eden space 187392K, 100% used [0x00000000d5580000,0x00000000e0c80000,0x00000000e0c80000)
  from space 17408K, 99% used [0x00000000e2280000,0x00000000e3379980,0x00000000e3380000)
  to   space 22528K, 0% used [0x00000000e0c80000,0x00000000e0c80000,0x00000000e2280000)
 ParOldGen       total 106496K, used 27031K [0x0000000080000000, 0x0000000086800000, 0x00000000d5580000)
  object space 106496K, 25% used [0x0000000080000000,0x0000000081a65d90,0x0000000086800000)
 Metaspace       used 55290K, capacity 56258K, committed 56320K, reserved 1097728K
  class space    used 7344K, capacity 7643K, committed 7680K, reserved 1048576K
Event: 25.445 GC heap after
Heap after GC invocations=11 (full 2):
 PSYoungGen      total 209920K, used 22507K [0x00000000d5580000, 0x00000000e8f00000, 0x0000000100000000)
  eden space 187392K, 0% used [0x00000000d5580000,0x00000000d5580000,0x00000000e0c80000)
  from space 22528K, 99% used [0x00000000e0c80000,0x00000000e227ae78,0x00000000e2280000)
  to   space 40960K, 0% used [0x00000000e6700000,0x00000000e6700000,0x00000000e8f00000)
 ParOldGen       total 106496K, used 64402K [0x0000000080000000, 0x0000000086800000, 0x00000000d5580000)
  object space 106496K, 60% used [0x0000000080000000,0x0000000083ee4a68,0x0000000086800000)
 Metaspace       used 55290K, capacity 56258K, committed 56320K, reserved 1097728K
  class space    used 7344K, capacity 7643K, committed 7680K, reserved 1048576K
}

