# JRE version: Java(TM) SE Runtime Environment (8.0_65-b17) (build 1.8.0_65-b17)
# Java VM: Java HotSpot(TM) 64-Bit Server VM (25.65-b01 mixed mode windows-amd64 compressed oops)
Heap:
 PSYoungGen      total 299520K, used 90794K [0x00000000eab00000, 0x0000000100000000, 0x0000000100000000)
  eden space 260096K, 20% used [0x00000000eab00000,0x00000000ee0082f8,0x00000000fa900000)
  from space 39424K, 92% used [0x00000000fd980000,0x00000000ffd226a8,0x0000000100000000)
  to   space 44544K, 0% used [0x00000000fa900000,0x00000000fa900000,0x00000000fd480000)
 ParOldGen       total 101888K, used 37643K [0x00000000c0000000, 0x00000000c6380000, 0x00000000eab00000)
  object space 101888K, 36% used [0x00000000c0000000,0x00000000c24c2c08,0x00000000c6380000)
 Metaspace       used 56222K, capacity 57856K, committed 57984K, reserved 1099776K
  class space    used 7378K, capacity 7767K, committed 7808K, reserved 1048576K
GC Heap History (10 events):
Event: 437.399 GC heap before
{Heap before GC invocations=14 (full 3):
 PSYoungGen      total 260608K, used 231936K [0x00000000eab00000, 0x00000000fc880000, 0x0000000100000000)
  eden space 231936K, 100% used [0x00000000eab00000,0x00000000f8d80000,0x00000000f8d80000)
  from space 28672K, 0% used [0x00000000fac80000,0x00000000fac80000,0x00000000fc880000)
  to   space 30208K, 0% used [0x00000000f8d80000,0x00000000f8d80000,0x00000000fab00000)
 ParOldGen       total 101888K, used 38599K [0x00000000c0000000, 0x00000000c6380000, 0x00000000eab00000)
  object space 101888K, 37% used [0x00000000c0000000,0x00000000c25b1de8,0x00000000c6380000)
 Metaspace       used 54327K, capacity 55690K, committed 55808K, reserved 1097728K
  class space    used 7243K, capacity 7610K, committed 7680K, reserved 1048576K
Event: 437.567 GC heap after
Heap after GC invocations=14 (full 3):
 PSYoungGen      total 262144K, used 30178K [0x00000000eab00000, 0x0000000100000000, 0x0000000100000000)
  eden space 231936K, 0% used [0x00000000eab00000,0x00000000eab00000,0x00000000f8d80000)
  from space 30208K, 99% used [0x00000000f8d80000,0x00000000faaf8bf8,0x00000000fab00000)
  to   space 35840K, 0% used [0x00000000fdd00000,0x00000000fdd00000,0x0000000100000000)
 ParOldGen       total 101888K, used 41132K [0x00000000c0000000, 0x00000000c6380000, 0x00000000eab00000)
  object space 101888K, 40% used [0x00000000c0000000,0x00000000c282b108,0x00000000c6380000)
 Metaspace       used 54327K, capacity 55690K, committed 55808K, reserved 1097728K
  class space    used 7243K, capacity 7610K, committed 7680K, reserved 1048576K
}
Event: 439.079 GC heap before
{Heap before GC invocations=15 (full 3):
 PSYoungGen      total 262144K, used 47006K [0x00000000eab00000, 0x0000000100000000, 0x0000000100000000)
  eden space 231936K, 7% used [0x00000000eab00000,0x00000000ebb6ee30,0x00000000f8d80000)
  from space 30208K, 99% used [0x00000000f8d80000,0x00000000faaf8bf8,0x00000000fab00000)
  to   space 35840K, 0% used [0x00000000fdd00000,0x00000000fdd00000,0x0000000100000000)
 ParOldGen       total 101888K, used 41132K [0x00000000c0000000, 0x00000000c6380000, 0x00000000eab00000)
  object space 101888K, 40% used [0x00000000c0000000,0x00000000c282b108,0x00000000c6380000)
 Metaspace       used 55128K, capacity 56458K, committed 56576K, reserved 1097728K
  class space    used 7330K, capacity 7674K, committed 7680K, reserved 1048576K
Event: 439.178 GC heap after
Heap after GC invocations=15 (full 3):
 PSYoungGen      total 305152K, used 32294K [0x00000000eab00000, 0x0000000100000000, 0x0000000100000000)
  eden space 269312K, 0% used [0x00000000eab00000,0x00000000eab00000,0x00000000fb200000)
  from space 35840K, 90% used [0x00000000fdd00000,0x00000000ffc89a40,0x0000000100000000)
  to   space 39936K, 0% used [0x00000000fb200000,0x00000000fb200000,0x00000000fd900000)
 ParOldGen       total 101888K, used 41140K [0x00000000c0000000, 0x00000000c6380000, 0x00000000eab00000)
  object space 101888K, 40% used [0x00000000c0000000,0x00000000c282d108,0x00000000c6380000)
 Metaspace       used 55128K, capacity 56458K, committed 56576K, reserved 1097728K
  class space    used 7330K, capacity 7674K, committed 7680K, reserved 1048576K
}
Event: 439.178 GC heap before
{Heap before GC invocations=16 (full 4):
 PSYoungGen      total 305152K, used 32294K [0x00000000eab00000, 0x0000000100000000, 0x0000000100000000)
  eden space 269312K, 0% used [0x00000000eab00000,0x00000000eab00000,0x00000000fb200000)
  from space 35840K, 90% used [0x00000000fdd00000,0x00000000ffc89a40,0x0000000100000000)
  to   space 39936K, 0% used [0x00000000fb200000,0x00000000fb200000,0x00000000fd900000)
 ParOldGen       total 101888K, used 41140K [0x00000000c0000000, 0x00000000c6380000, 0x00000000eab00000)
  object space 101888K, 40% used [0x00000000c0000000,0x00000000c282d108,0x00000000c6380000)
 Metaspace       used 55128K, capacity 56458K, committed 56576K, reserved 1097728K
  class space    used 7330K, capacity 7674K, committed 7680K, reserved 1048576K
Event: 439.827 GC heap after
Heap after GC invocations=16 (full 4):
 PSYoungGen      total 305152K, used 0K [0x00000000eab00000, 0x0000000100000000, 0x0000000100000000)
  eden space 269312K, 0% used [0x00000000eab00000,0x00000000eab00000,0x00000000fb200000)
  from space 35840K, 0% used [0x00000000fdd00000,0x00000000fdd00000,0x0000000100000000)
  to   space 39936K, 0% used [0x00000000fb200000,0x00000000fb200000,0x00000000fd900000)
 ParOldGen       total 101888K, used 37627K [0x00000000c0000000, 0x00000000c6380000, 0x00000000eab00000)
  object space 101888K, 36% used [0x00000000c0000000,0x00000000c24bec08,0x00000000c6380000)
 Metaspace       used 55008K, capacity 56286K, committed 56576K, reserved 1097728K
  class space    used 7312K, capacity 7634K, committed 7680K, reserved 1048576K
}
Event: 467.200 GC heap before
{Heap before GC invocations=17 (full 4):
 PSYoungGen      total 305152K, used 269312K [0x00000000eab00000, 0x0000000100000000, 0x0000000100000000)
  eden space 269312K, 100% used [0x00000000eab00000,0x00000000fb200000,0x00000000fb200000)
  from space 35840K, 0% used [0x00000000fdd00000,0x00000000fdd00000,0x0000000100000000)
  to   space 39936K, 0% used [0x00000000fb200000,0x00000000fb200000,0x00000000fd900000)
 ParOldGen       total 101888K, used 37627K [0x00000000c0000000, 0x00000000c6380000, 0x00000000eab00000)
  object space 101888K, 36% used [0x00000000c0000000,0x00000000c24bec08,0x00000000c6380000)
 Metaspace       used 55690K, capacity 57116K, committed 57472K, reserved 1099776K
  class space    used 7354K, capacity 7691K, committed 7808K, reserved 1048576K
Event: 467.224 GC heap after
Heap after GC invocations=17 (full 4):
 PSYoungGen      total 309248K, used 7423K [0x00000000eab00000, 0x0000000100000000, 0x0000000100000000)
  eden space 269312K, 0% used [0x00000000eab00000,0x00000000eab00000,0x00000000fb200000)
  from space 39936K, 18% used [0x00000000fb200000,0x00000000fb93ff38,0x00000000fd900000)
  to   space 39424K, 0% used [0x00000000fd980000,0x00000000fd980000,0x0000000100000000)
 ParOldGen       total 101888K, used 37635K [0x00000000c0000000, 0x00000000c6380000, 0x00000000eab00000)
  object space 101888K, 36% used [0x00000000c0000000,0x00000000c24c0c08,0x00000000c6380000)
 Metaspace       used 55690K, capacity 57116K, committed 57472K, reserved 1099776K
  class space    used 7354K, capacity 7691K, committed 7808K, reserved 1048576K
}
Event: 475.340 GC heap before
{Heap before GC invocations=18 (full 4):
 PSYoungGen      total 309248K, used 276735K [0x00000000eab00000, 0x0000000100000000, 0x0000000100000000)
  eden space 269312K, 100% used [0x00000000eab00000,0x00000000fb200000,0x00000000fb200000)
  from space 39936K, 18% used [0x00000000fb200000,0x00000000fb93ff38,0x00000000fd900000)
  to   space 39424K, 0% used [0x00000000fd980000,0x00000000fd980000,0x0000000100000000)
 ParOldGen       total 101888K, used 37635K [0x00000000c0000000, 0x00000000c6380000, 0x00000000eab00000)
  object space 101888K, 36% used [0x00000000c0000000,0x00000000c24c0c08,0x00000000c6380000)
 Metaspace       used 55821K, capacity 57396K, committed 57728K, reserved 1099776K
  class space    used 7356K, capacity 7695K, committed 7808K, reserved 1048576K
Event: 475.441 GC heap after
Heap after GC invocations=18 (full 4):
 PSYoungGen      total 299520K, used 36489K [0x00000000eab00000, 0x0000000100000000, 0x0000000100000000)
  eden space 260096K, 0% used [0x00000000eab00000,0x00000000eab00000,0x00000000fa900000)
  from space 39424K, 92% used [0x00000000fd980000,0x00000000ffd226a8,0x0000000100000000)
  to   space 44544K, 0% used [0x00000000fa900000,0x00000000fa900000,0x00000000fd480000)
 ParOldGen       total 101888K, used 37643K [0x00000000c0000000, 0x00000000c6380000, 0x00000000eab00000)
  object space 101888K, 36% used [0x00000000c0000000,0x00000000c24c2c08,0x00000000c6380000)
 Metaspace       used 55821K, capacity 57396K, committed 57728K, reserved 1099776K
  class space    used 7356K, capacity 7695K, committed 7808K, reserved 1048576K
}

