# JRE version: Java(TM) SE Runtime Environment (8.0_65-b17) (build 1.8.0_65-b17)
# Java VM: Java HotSpot(TM) 64-Bit Server VM (25.65-b01 mixed mode windows-amd64 compressed oops)
Heap:
 PSYoungGen      total 203264K, used 39803K [0x00000000d5580000, 0x00000000e8900000, 0x0000000100000000)
  eden space 178688K, 8% used [0x00000000d5580000,0x00000000d6465ad8,0x00000000e0400000)
  from space 24576K, 99% used [0x00000000e0400000,0x00000000e1bf9358,0x00000000e1c00000)
  to   space 35328K, 0% used [0x00000000e6680000,0x00000000e6680000,0x00000000e8900000)
 ParOldGen       total 90112K, used 58464K [0x0000000080000000, 0x0000000085800000, 0x00000000d5580000)
  object space 90112K, 64% used [0x0000000080000000,0x0000000083918058,0x0000000085800000)
 Metaspace       used 54058K, capacity 55170K, committed 55296K, reserved 1097728K
  class space    used 7218K, capacity 7579K, committed 7680K, reserved 1048576K
GC Heap History (10 events):
Event: 23.064 GC heap before
{Heap before GC invocations=9 (full 1):
 PSYoungGen      total 102912K, used 18892K [0x00000000d5580000, 0x00000000df200000, 0x0000000100000000)
  eden space 92672K, 9% used [0x00000000d5580000,0x00000000d5df98c8,0x00000000db000000)
  from space 10240K, 99% used [0x00000000db000000,0x00000000db9f9ab8,0x00000000dba00000)
  to   space 12800K, 0% used [0x00000000de580000,0x00000000de580000,0x00000000df200000)
 ParOldGen       total 68608K, used 16582K [0x0000000080000000, 0x0000000084300000, 0x00000000d5580000)
  object space 68608K, 24% used [0x0000000080000000,0x0000000081031ad0,0x0000000084300000)
 Metaspace       used 34719K, capacity 35364K, committed 35456K, reserved 1079296K
  class space    used 4718K, capacity 4928K, committed 4992K, reserved 1048576K
Event: 23.138 GC heap after
Heap after GC invocations=9 (full 1):
 PSYoungGen      total 146432K, used 11218K [0x00000000d5580000, 0x00000000e0a00000, 0x0000000100000000)
  eden space 133632K, 0% used [0x00000000d5580000,0x00000000d5580000,0x00000000dd800000)
  from space 12800K, 87% used [0x00000000de580000,0x00000000df0749c8,0x00000000df200000)
  to   space 13824K, 0% used [0x00000000dd800000,0x00000000dd800000,0x00000000de580000)
 ParOldGen       total 68608K, used 16582K [0x0000000080000000, 0x0000000084300000, 0x00000000d5580000)
  object space 68608K, 24% used [0x0000000080000000,0x0000000081031ad0,0x0000000084300000)
 Metaspace       used 34719K, capacity 35364K, committed 35456K, reserved 1079296K
  class space    used 4718K, capacity 4928K, committed 4992K, reserved 1048576K
}
Event: 23.139 GC heap before
{Heap before GC invocations=10 (full 2):
 PSYoungGen      total 146432K, used 11218K [0x00000000d5580000, 0x00000000e0a00000, 0x0000000100000000)
  eden space 133632K, 0% used [0x00000000d5580000,0x00000000d5580000,0x00000000dd800000)
  from space 12800K, 87% used [0x00000000de580000,0x00000000df0749c8,0x00000000df200000)
  to   space 13824K, 0% used [0x00000000dd800000,0x00000000dd800000,0x00000000de580000)
 ParOldGen       total 68608K, used 16582K [0x0000000080000000, 0x0000000084300000, 0x00000000d5580000)
  object space 68608K, 24% used [0x0000000080000000,0x0000000081031ad0,0x0000000084300000)
 Metaspace       used 34719K, capacity 35364K, committed 35456K, reserved 1079296K
  class space    used 4718K, capacity 4928K, committed 4992K, reserved 1048576K
Event: 23.384 GC heap after
Heap after GC invocations=10 (full 2):
 PSYoungGen      total 146432K, used 0K [0x00000000d5580000, 0x00000000e0a00000, 0x0000000100000000)
  eden space 133632K, 0% used [0x00000000d5580000,0x00000000d5580000,0x00000000dd800000)
  from space 12800K, 0% used [0x00000000de580000,0x00000000de580000,0x00000000df200000)
  to   space 13824K, 0% used [0x00000000dd800000,0x00000000dd800000,0x00000000de580000)
 ParOldGen       total 90112K, used 19385K [0x0000000080000000, 0x0000000085800000, 0x00000000d5580000)
  object space 90112K, 21% used [0x0000000080000000,0x00000000812ee5e0,0x0000000085800000)
 Metaspace       used 34719K, capacity 35364K, committed 35456K, reserved 1079296K
  class space    used 4718K, capacity 4928K, committed 4992K, reserved 1048576K
}
Event: 29.418 GC heap before
{Heap before GC invocations=11 (full 2):
 PSYoungGen      total 146432K, used 133632K [0x00000000d5580000, 0x00000000e0a00000, 0x0000000100000000)
  eden space 133632K, 100% used [0x00000000d5580000,0x00000000dd800000,0x00000000dd800000)
  from space 12800K, 0% used [0x00000000de580000,0x00000000de580000,0x00000000df200000)
  to   space 13824K, 0% used [0x00000000dd800000,0x00000000dd800000,0x00000000de580000)
 ParOldGen       total 90112K, used 19385K [0x0000000080000000, 0x0000000085800000, 0x00000000d5580000)
  object space 90112K, 21% used [0x0000000080000000,0x00000000812ee5e0,0x0000000085800000)
 Metaspace       used 41859K, capacity 42678K, committed 43008K, reserved 1085440K
  class space    used 5764K, capacity 6019K, committed 6144K, reserved 1048576K
Event: 29.483 GC heap after
Heap after GC invocations=11 (full 2):
 PSYoungGen      total 147456K, used 13813K [0x00000000d5580000, 0x00000000e2b80000, 0x0000000100000000)
  eden space 133632K, 0% used [0x00000000d5580000,0x00000000d5580000,0x00000000dd800000)
  from space 13824K, 99% used [0x00000000dd800000,0x00000000de57d738,0x00000000de580000)
  to   space 15872K, 0% used [0x00000000e1c00000,0x00000000e1c00000,0x00000000e2b80000)
 ParOldGen       total 90112K, used 20125K [0x0000000080000000, 0x0000000085800000, 0x00000000d5580000)
  object space 90112K, 22% used [0x0000000080000000,0x00000000813a7418,0x0000000085800000)
 Metaspace       used 41859K, capacity 42678K, committed 43008K, reserved 1085440K
  class space    used 5764K, capacity 6019K, committed 6144K, reserved 1048576K
}
Event: 38.581 GC heap before
{Heap before GC invocations=12 (full 2):
 PSYoungGen      total 147456K, used 147445K [0x00000000d5580000, 0x00000000e2b80000, 0x0000000100000000)
  eden space 133632K, 100% used [0x00000000d5580000,0x00000000dd800000,0x00000000dd800000)
  from space 13824K, 99% used [0x00000000dd800000,0x00000000de57d738,0x00000000de580000)
  to   space 15872K, 0% used [0x00000000e1c00000,0x00000000e1c00000,0x00000000e2b80000)
 ParOldGen       total 90112K, used 20125K [0x0000000080000000, 0x0000000085800000, 0x00000000d5580000)
  object space 90112K, 22% used [0x0000000080000000,0x00000000813a7418,0x0000000085800000)
 Metaspace       used 49451K, capacity 50530K, committed 50688K, reserved 1093632K
  class space    used 6770K, capacity 7099K, committed 7168K, reserved 1048576K
Event: 38.838 GC heap after
Heap after GC invocations=12 (full 2):
 PSYoungGen      total 194560K, used 15863K [0x00000000d5580000, 0x00000000e3b80000, 0x0000000100000000)
  eden space 178688K, 0% used [0x00000000d5580000,0x00000000d5580000,0x00000000e0400000)
  from space 15872K, 99% used [0x00000000e1c00000,0x00000000e2b7dd78,0x00000000e2b80000)
  to   space 24576K, 0% used [0x00000000e0400000,0x00000000e0400000,0x00000000e1c00000)
 ParOldGen       total 90112K, used 38855K [0x0000000080000000, 0x0000000085800000, 0x00000000d5580000)
  object space 90112K, 43% used [0x0000000080000000,0x00000000825f1dd0,0x0000000085800000)
 Metaspace       used 49451K, capacity 50530K, committed 50688K, reserved 1093632K
  class space    used 6770K, capacity 7099K, committed 7168K, reserved 1048576K
}
Event: 50.594 GC heap before
{Heap before GC invocations=13 (full 2):
 PSYoungGen      total 194560K, used 194551K [0x00000000d5580000, 0x00000000e3b80000, 0x0000000100000000)
  eden space 178688K, 100% used [0x00000000d5580000,0x00000000e0400000,0x00000000e0400000)
  from space 15872K, 99% used [0x00000000e1c00000,0x00000000e2b7dd78,0x00000000e2b80000)
  to   space 24576K, 0% used [0x00000000e0400000,0x00000000e0400000,0x00000000e1c00000)
 ParOldGen       total 90112K, used 38855K [0x0000000080000000, 0x0000000085800000, 0x00000000d5580000)
  object space 90112K, 43% used [0x0000000080000000,0x00000000825f1dd0,0x0000000085800000)
 Metaspace       used 54057K, capacity 55170K, committed 55296K, reserved 1097728K
  class space    used 7218K, capacity 7579K, committed 7680K, reserved 1048576K
Event: 50.724 GC heap after
Heap after GC invocations=13 (full 2):
 PSYoungGen      total 203264K, used 24548K [0x00000000d5580000, 0x00000000e8900000, 0x0000000100000000)
  eden space 178688K, 0% used [0x00000000d5580000,0x00000000d5580000,0x00000000e0400000)
  from space 24576K, 99% used [0x00000000e0400000,0x00000000e1bf9358,0x00000000e1c00000)
  to   space 35328K, 0% used [0x00000000e6680000,0x00000000e6680000,0x00000000e8900000)
 ParOldGen       total 90112K, used 58464K [0x0000000080000000, 0x0000000085800000, 0x00000000d5580000)
  object space 90112K, 64% used [0x0000000080000000,0x0000000083918058,0x0000000085800000)
 Metaspace       used 54057K, capacity 55170K, committed 55296K, reserved 1097728K
  class space    used 7218K, capacity 7579K, committed 7680K, reserved 1048576K
}

