# JRE version: Java(TM) SE Runtime Environment (8.0_65-b17) (build 1.8.0_65-b17)
# Java VM: Java HotSpot(TM) 64-Bit Server VM (25.65-b01 mixed mode windows-amd64 compressed oops)
Heap:
 PSYoungGen      total 188928K, used 73470K [0x00000000d5580000, 0x00000000e5e00000, 0x0000000100000000)
  eden space 169472K, 31% used [0x00000000d5580000,0x00000000d8a445a8,0x00000000dfb00000)
  from space 19456K, 99% used [0x00000000dfb00000,0x00000000e0dfb308,0x00000000e0e00000)
  to   space 22528K, 0% used [0x00000000e4800000,0x00000000e4800000,0x00000000e5e00000)
 ParOldGen       total 114688K, used 33342K [0x0000000080000000, 0x0000000087000000, 0x00000000d5580000)
  object space 114688K, 29% used [0x0000000080000000,0x000000008208f910,0x0000000087000000)
 Metaspace       used 52455K, capacity 53766K, committed 53888K, reserved 1095680K
  class space    used 7098K, capacity 7445K, committed 7552K, reserved 1048576K
GC Heap History (10 events):
Event: 9.400 GC heap before
{Heap before GC invocations=8 (full 2):
 PSYoungGen      total 135168K, used 12256K [0x00000000d5580000, 0x00000000e2380000, 0x0000000100000000)
  eden space 122880K, 0% used [0x00000000d5580000,0x00000000d5580000,0x00000000dcd80000)
  from space 12288K, 99% used [0x00000000ddc80000,0x00000000de878338,0x00000000de880000)
  to   space 15360K, 0% used [0x00000000dcd80000,0x00000000dcd80000,0x00000000ddc80000)
 ParOldGen       total 75264K, used 17708K [0x0000000080000000, 0x0000000084980000, 0x00000000d5580000)
  object space 75264K, 23% used [0x0000000080000000,0x000000008114b1c0,0x0000000084980000)
 Metaspace       used 34565K, capacity 35210K, committed 35456K, reserved 1079296K
  class space    used 4689K, capacity 4897K, committed 4992K, reserved 1048576K
Event: 9.548 GC heap after
Heap after GC invocations=8 (full 2):
 PSYoungGen      total 135168K, used 0K [0x00000000d5580000, 0x00000000e2380000, 0x0000000100000000)
  eden space 122880K, 0% used [0x00000000d5580000,0x00000000d5580000,0x00000000dcd80000)
  from space 12288K, 0% used [0x00000000ddc80000,0x00000000ddc80000,0x00000000de880000)
  to   space 15360K, 0% used [0x00000000dcd80000,0x00000000dcd80000,0x00000000ddc80000)
 ParOldGen       total 114688K, used 21136K [0x0000000080000000, 0x0000000087000000, 0x00000000d5580000)
  object space 114688K, 18% used [0x0000000080000000,0x00000000814a4218,0x0000000087000000)
 Metaspace       used 34565K, capacity 35210K, committed 35456K, reserved 1079296K
  class space    used 4689K, capacity 4897K, committed 4992K, reserved 1048576K
}
Event: 12.129 GC heap before
{Heap before GC invocations=9 (full 2):
 PSYoungGen      total 135168K, used 122880K [0x00000000d5580000, 0x00000000e2380000, 0x0000000100000000)
  eden space 122880K, 100% used [0x00000000d5580000,0x00000000dcd80000,0x00000000dcd80000)
  from space 12288K, 0% used [0x00000000ddc80000,0x00000000ddc80000,0x00000000de880000)
  to   space 15360K, 0% used [0x00000000dcd80000,0x00000000dcd80000,0x00000000ddc80000)
 ParOldGen       total 114688K, used 21136K [0x0000000080000000, 0x0000000087000000, 0x00000000d5580000)
  object space 114688K, 18% used [0x0000000080000000,0x00000000814a4218,0x0000000087000000)
 Metaspace       used 41332K, capacity 42110K, committed 42368K, reserved 1085440K
  class space    used 5710K, capacity 5918K, committed 6016K, reserved 1048576K
Event: 12.171 GC heap after
Heap after GC invocations=9 (full 2):
 PSYoungGen      total 138240K, used 13146K [0x00000000d5580000, 0x00000000e1e80000, 0x0000000100000000)
  eden space 122880K, 0% used [0x00000000d5580000,0x00000000d5580000,0x00000000dcd80000)
  from space 15360K, 85% used [0x00000000dcd80000,0x00000000dda56b70,0x00000000ddc80000)
  to   space 16896K, 0% used [0x00000000e0e00000,0x00000000e0e00000,0x00000000e1e80000)
 ParOldGen       total 114688K, used 21144K [0x0000000080000000, 0x0000000087000000, 0x00000000d5580000)
  object space 114688K, 18% used [0x0000000080000000,0x00000000814a6218,0x0000000087000000)
 Metaspace       used 41332K, capacity 42110K, committed 42368K, reserved 1085440K
  class space    used 5710K, capacity 5918K, committed 6016K, reserved 1048576K
}
Event: 16.117 GC heap before
{Heap before GC invocations=10 (full 2):
 PSYoungGen      total 138240K, used 107549K [0x00000000d5580000, 0x00000000e1e80000, 0x0000000100000000)
  eden space 122880K, 76% used [0x00000000d5580000,0x00000000db1b08d0,0x00000000dcd80000)
  from space 15360K, 85% used [0x00000000dcd80000,0x00000000dda56b70,0x00000000ddc80000)
  to   space 16896K, 0% used [0x00000000e0e00000,0x00000000e0e00000,0x00000000e1e80000)
 ParOldGen       total 114688K, used 21144K [0x0000000080000000, 0x0000000087000000, 0x00000000d5580000)
  object space 114688K, 18% used [0x0000000080000000,0x00000000814a6218,0x0000000087000000)
 Metaspace       used 46044K, capacity 47046K, committed 47104K, reserved 1089536K
  class space    used 6376K, capacity 6651K, committed 6656K, reserved 1048576K
Event: 16.154 GC heap after
Heap after GC invocations=10 (full 2):
 PSYoungGen      total 186368K, used 16876K [0x00000000d5580000, 0x00000000e2380000, 0x0000000100000000)
  eden space 169472K, 0% used [0x00000000d5580000,0x00000000d5580000,0x00000000dfb00000)
  from space 16896K, 99% used [0x00000000e0e00000,0x00000000e1e7b290,0x00000000e1e80000)
  to   space 19456K, 0% used [0x00000000dfb00000,0x00000000dfb00000,0x00000000e0e00000)
 ParOldGen       total 114688K, used 21440K [0x0000000080000000, 0x0000000087000000, 0x00000000d5580000)
  object space 114688K, 18% used [0x0000000080000000,0x00000000814f00d8,0x0000000087000000)
 Metaspace       used 46044K, capacity 47046K, committed 47104K, reserved 1089536K
  class space    used 6376K, capacity 6651K, committed 6656K, reserved 1048576K
}
Event: 16.154 GC heap before
{Heap before GC invocations=11 (full 3):
 PSYoungGen      total 186368K, used 16876K [0x00000000d5580000, 0x00000000e2380000, 0x0000000100000000)
  eden space 169472K, 0% used [0x00000000d5580000,0x00000000d5580000,0x00000000dfb00000)
  from space 16896K, 99% used [0x00000000e0e00000,0x00000000e1e7b290,0x00000000e1e80000)
  to   space 19456K, 0% used [0x00000000dfb00000,0x00000000dfb00000,0x00000000e0e00000)
 ParOldGen       total 114688K, used 21440K [0x0000000080000000, 0x0000000087000000, 0x00000000d5580000)
  object space 114688K, 18% used [0x0000000080000000,0x00000000814f00d8,0x0000000087000000)
 Metaspace       used 46044K, capacity 47046K, committed 47104K, reserved 1089536K
  class space    used 6376K, capacity 6651K, committed 6656K, reserved 1048576K
Event: 16.434 GC heap after
Heap after GC invocations=11 (full 3):
 PSYoungGen      total 186368K, used 0K [0x00000000d5580000, 0x00000000e2380000, 0x0000000100000000)
  eden space 169472K, 0% used [0x00000000d5580000,0x00000000d5580000,0x00000000dfb00000)
  from space 16896K, 0% used [0x00000000e0e00000,0x00000000e0e00000,0x00000000e1e80000)
  to   space 19456K, 0% used [0x00000000dfb00000,0x00000000dfb00000,0x00000000e0e00000)
 ParOldGen       total 114688K, used 32365K [0x0000000080000000, 0x0000000087000000, 0x00000000d5580000)
  object space 114688K, 28% used [0x0000000080000000,0x0000000081f9b698,0x0000000087000000)
 Metaspace       used 46044K, capacity 47046K, committed 47104K, reserved 1089536K
  class space    used 6376K, capacity 6651K, committed 6656K, reserved 1048576K
}
Event: 199.899 GC heap before
{Heap before GC invocations=12 (full 3):
 PSYoungGen      total 186368K, used 169472K [0x00000000d5580000, 0x00000000e2380000, 0x0000000100000000)
  eden space 169472K, 100% used [0x00000000d5580000,0x00000000dfb00000,0x00000000dfb00000)
  from space 16896K, 0% used [0x00000000e0e00000,0x00000000e0e00000,0x00000000e1e80000)
  to   space 19456K, 0% used [0x00000000dfb00000,0x00000000dfb00000,0x00000000e0e00000)
 ParOldGen       total 114688K, used 32365K [0x0000000080000000, 0x0000000087000000, 0x00000000d5580000)
  object space 114688K, 28% used [0x0000000080000000,0x0000000081f9b698,0x0000000087000000)
 Metaspace       used 51142K, capacity 52410K, committed 52736K, reserved 1095680K
  class space    used 6975K, capacity 7309K, committed 7424K, reserved 1048576K
Event: 199.943 GC heap after
Heap after GC invocations=12 (full 3):
 PSYoungGen      total 188928K, used 19436K [0x00000000d5580000, 0x00000000e5e00000, 0x0000000100000000)
  eden space 169472K, 0% used [0x00000000d5580000,0x00000000d5580000,0x00000000dfb00000)
  from space 19456K, 99% used [0x00000000dfb00000,0x00000000e0dfb308,0x00000000e0e00000)
  to   space 22528K, 0% used [0x00000000e4800000,0x00000000e4800000,0x00000000e5e00000)
 ParOldGen       total 114688K, used 33342K [0x0000000080000000, 0x0000000087000000, 0x00000000d5580000)
  object space 114688K, 29% used [0x0000000080000000,0x000000008208f910,0x0000000087000000)
 Metaspace       used 51142K, capacity 52410K, committed 52736K, reserved 1095680K
  class space    used 6975K, capacity 7309K, committed 7424K, reserved 1048576K
}

