# JRE version: Java(TM) SE Runtime Environment (8.0_65-b17) (build 1.8.0_65-b17)
# Java VM: Java HotSpot(TM) 64-Bit Server VM (25.65-b01 mixed mode windows-amd64 compressed oops)
Heap:
 PSYoungGen      total 500224K, used 481498K [0x00000000d5580000, 0x0000000100000000, 0x0000000100000000)
  eden space 433152K, 95% used [0x00000000d5580000,0x00000000eea3d3a0,0x00000000efc80000)
  from space 67072K, 99% used [0x00000000efc80000,0x00000000f3df9480,0x00000000f3e00000)
  to   space 92160K, 0% used [0x00000000fa600000,0x00000000fa600000,0x0000000100000000)
 ParOldGen       total 238592K, used 197635K [0x0000000080000000, 0x000000008e900000, 0x00000000d5580000)
  object space 238592K, 82% used [0x0000000080000000,0x000000008c100cb0,0x000000008e900000)
 Metaspace       used 48340K, capacity 49312K, committed 49536K, reserved 1091584K
  class space    used 6463K, capacity 6704K, committed 6784K, reserved 1048576K
GC Heap History (10 events):
Event: 21.122 GC heap before
{Heap before GC invocations=14 (full 2):
 PSYoungGen      total 265216K, used 265191K [0x00000000d5580000, 0x00000000f0000000, 0x0000000100000000)
  eden space 223232K, 100% used [0x00000000d5580000,0x00000000e2f80000,0x00000000e2f80000)
  from space 41984K, 99% used [0x00000000e2f80000,0x00000000e5879e80,0x00000000e5880000)
  to   space 56832K, 0% used [0x00000000ec880000,0x00000000ec880000,0x00000000f0000000)
 ParOldGen       total 112128K, used 79739K [0x0000000080000000, 0x0000000086d80000, 0x00000000d5580000)
  object space 112128K, 71% used [0x0000000080000000,0x0000000084ddee10,0x0000000086d80000)
 Metaspace       used 48248K, capacity 49248K, committed 49536K, reserved 1091584K
  class space    used 6462K, capacity 6704K, committed 6784K, reserved 1048576K
Event: 21.337 GC heap after
Heap after GC invocations=14 (full 2):
 PSYoungGen      total 373760K, used 47805K [0x00000000d5580000, 0x00000000f1180000, 0x0000000100000000)
  eden space 316928K, 0% used [0x00000000d5580000,0x00000000d5580000,0x00000000e8b00000)
  from space 56832K, 84% used [0x00000000ec880000,0x00000000ef72f578,0x00000000f0000000)
  to   space 62976K, 0% used [0x00000000e8b00000,0x00000000e8b00000,0x00000000ec880000)
 ParOldGen       total 112128K, used 97822K [0x0000000080000000, 0x0000000086d80000, 0x00000000d5580000)
  object space 112128K, 87% used [0x0000000080000000,0x0000000085f87888,0x0000000086d80000)
 Metaspace       used 48248K, capacity 49248K, committed 49536K, reserved 1091584K
  class space    used 6462K, capacity 6704K, committed 6784K, reserved 1048576K
}
Event: 21.337 GC heap before
{Heap before GC invocations=15 (full 3):
 PSYoungGen      total 373760K, used 47805K [0x00000000d5580000, 0x00000000f1180000, 0x0000000100000000)
  eden space 316928K, 0% used [0x00000000d5580000,0x00000000d5580000,0x00000000e8b00000)
  from space 56832K, 84% used [0x00000000ec880000,0x00000000ef72f578,0x00000000f0000000)
  to   space 62976K, 0% used [0x00000000e8b00000,0x00000000e8b00000,0x00000000ec880000)
 ParOldGen       total 112128K, used 97822K [0x0000000080000000, 0x0000000086d80000, 0x00000000d5580000)
  object space 112128K, 87% used [0x0000000080000000,0x0000000085f87888,0x0000000086d80000)
 Metaspace       used 48248K, capacity 49248K, committed 49536K, reserved 1091584K
  class space    used 6462K, capacity 6704K, committed 6784K, reserved 1048576K
Event: 22.720 GC heap after
Heap after GC invocations=15 (full 3):
 PSYoungGen      total 373760K, used 12271K [0x00000000d5580000, 0x00000000f1180000, 0x0000000100000000)
  eden space 316928K, 0% used [0x00000000d5580000,0x00000000d5580000,0x00000000e8b00000)
  from space 56832K, 21% used [0x00000000ec880000,0x00000000ed47bf68,0x00000000f0000000)
  to   space 62976K, 0% used [0x00000000e8b00000,0x00000000e8b00000,0x00000000ec880000)
 ParOldGen       total 238592K, used 112077K [0x0000000080000000, 0x000000008e900000, 0x00000000d5580000)
  object space 238592K, 46% used [0x0000000080000000,0x0000000086d73558,0x000000008e900000)
 Metaspace       used 48248K, capacity 49248K, committed 49536K, reserved 1091584K
  class space    used 6462K, capacity 6704K, committed 6784K, reserved 1048576K
}
Event: 24.381 GC heap before
{Heap before GC invocations=16 (full 3):
 PSYoungGen      total 373760K, used 329199K [0x00000000d5580000, 0x00000000f1180000, 0x0000000100000000)
  eden space 316928K, 100% used [0x00000000d5580000,0x00000000e8b00000,0x00000000e8b00000)
  from space 56832K, 21% used [0x00000000ec880000,0x00000000ed47bf68,0x00000000f0000000)
  to   space 62976K, 0% used [0x00000000e8b00000,0x00000000e8b00000,0x00000000ec880000)
 ParOldGen       total 238592K, used 112077K [0x0000000080000000, 0x000000008e900000, 0x00000000d5580000)
  object space 238592K, 46% used [0x0000000080000000,0x0000000086d73558,0x000000008e900000)
 Metaspace       used 48300K, capacity 49312K, committed 49536K, reserved 1091584K
  class space    used 6462K, capacity 6704K, committed 6784K, reserved 1048576K
Event: 24.558 GC heap after
Heap after GC invocations=16 (full 3):
 PSYoungGen      total 379904K, used 40741K [0x00000000d5580000, 0x00000000f7d80000, 0x0000000100000000)
  eden space 316928K, 0% used [0x00000000d5580000,0x00000000d5580000,0x00000000e8b00000)
  from space 62976K, 64% used [0x00000000e8b00000,0x00000000eb2c9728,0x00000000ec880000)
  to   space 65024K, 0% used [0x00000000f3e00000,0x00000000f3e00000,0x00000000f7d80000)
 ParOldGen       total 238592K, used 123149K [0x0000000080000000, 0x000000008e900000, 0x00000000d5580000)
  object space 238592K, 51% used [0x0000000080000000,0x0000000087843618,0x000000008e900000)
 Metaspace       used 48300K, capacity 49312K, committed 49536K, reserved 1091584K
  class space    used 6462K, capacity 6704K, committed 6784K, reserved 1048576K
}
Event: 26.062 GC heap before
{Heap before GC invocations=17 (full 3):
 PSYoungGen      total 379904K, used 357669K [0x00000000d5580000, 0x00000000f7d80000, 0x0000000100000000)
  eden space 316928K, 100% used [0x00000000d5580000,0x00000000e8b00000,0x00000000e8b00000)
  from space 62976K, 64% used [0x00000000e8b00000,0x00000000eb2c9728,0x00000000ec880000)
  to   space 65024K, 0% used [0x00000000f3e00000,0x00000000f3e00000,0x00000000f7d80000)
 ParOldGen       total 238592K, used 123149K [0x0000000080000000, 0x000000008e900000, 0x00000000d5580000)
  object space 238592K, 51% used [0x0000000080000000,0x0000000087843618,0x000000008e900000)
 Metaspace       used 48317K, capacity 49312K, committed 49536K, reserved 1091584K
  class space    used 6462K, capacity 6704K, committed 6784K, reserved 1048576K
Event: 26.349 GC heap after
Heap after GC invocations=17 (full 3):
 PSYoungGen      total 498176K, used 41599K [0x00000000d5580000, 0x00000000f8980000, 0x0000000100000000)
  eden space 433152K, 0% used [0x00000000d5580000,0x00000000d5580000,0x00000000efc80000)
  from space 65024K, 63% used [0x00000000f3e00000,0x00000000f669fc18,0x00000000f7d80000)
  to   space 67072K, 0% used [0x00000000efc80000,0x00000000efc80000,0x00000000f3e00000)
 ParOldGen       total 238592K, used 158325K [0x0000000080000000, 0x000000008e900000, 0x00000000d5580000)
  object space 238592K, 66% used [0x0000000080000000,0x0000000089a9d670,0x000000008e900000)
 Metaspace       used 48317K, capacity 49312K, committed 49536K, reserved 1091584K
  class space    used 6462K, capacity 6704K, committed 6784K, reserved 1048576K
}
Event: 28.048 GC heap before
{Heap before GC invocations=18 (full 3):
 PSYoungGen      total 498176K, used 474751K [0x00000000d5580000, 0x00000000f8980000, 0x0000000100000000)
  eden space 433152K, 100% used [0x00000000d5580000,0x00000000efc80000,0x00000000efc80000)
  from space 65024K, 63% used [0x00000000f3e00000,0x00000000f669fc18,0x00000000f7d80000)
  to   space 67072K, 0% used [0x00000000efc80000,0x00000000efc80000,0x00000000f3e00000)
 ParOldGen       total 238592K, used 158325K [0x0000000080000000, 0x000000008e900000, 0x00000000d5580000)
  object space 238592K, 66% used [0x0000000080000000,0x0000000089a9d670,0x000000008e900000)
 Metaspace       used 48329K, capacity 49312K, committed 49536K, reserved 1091584K
  class space    used 6462K, capacity 6704K, committed 6784K, reserved 1048576K
Event: 28.338 GC heap after
Heap after GC invocations=18 (full 3):
 PSYoungGen      total 500224K, used 67045K [0x00000000d5580000, 0x0000000100000000, 0x0000000100000000)
  eden space 433152K, 0% used [0x00000000d5580000,0x00000000d5580000,0x00000000efc80000)
  from space 67072K, 99% used [0x00000000efc80000,0x00000000f3df9480,0x00000000f3e00000)
  to   space 92160K, 0% used [0x00000000fa600000,0x00000000fa600000,0x0000000100000000)
 ParOldGen       total 238592K, used 197635K [0x0000000080000000, 0x000000008e900000, 0x00000000d5580000)
  object space 238592K, 82% used [0x0000000080000000,0x000000008c100cb0,0x000000008e900000)
 Metaspace       used 48329K, capacity 49312K, committed 49536K, reserved 1091584K
  class space    used 6462K, capacity 6704K, committed 6784K, reserved 1048576K
}

